2017-11-12 11:16:43,511 - root - INFO - Created main logger
2017-11-12 11:17:47,576 - root - INFO - Created main logger
2017-11-12 11:30:43,715 - root - INFO - Created main logger
2017-11-12 11:31:07,760 - root - INFO - Created main logger
2017-11-12 11:53:51,243 - root - INFO - Created main logger
2017-11-12 11:56:25,366 - root - INFO - Created main logger
2017-11-12 11:56:31,941 - root - INFO - Created main logger
2017-11-12 11:57:09,597 - root - INFO - Created main logger
2017-11-12 11:57:30,328 - root - INFO - Created main logger
2017-11-12 11:57:30,337 - PyQt4.uic.uiparser - DEBUG - UI version is 4.0
2017-11-12 11:57:30,337 - PyQt4.uic.uiparser - DEBUG - uiname is CobraUI
2017-11-12 11:57:30,337 - PyQt4.uic.uiparser - DEBUG - toplevel widget is QWidget
2017-11-12 11:57:30,338 - PyQt4.uic.properties - DEBUG - setting property geometry
2017-11-12 11:57:30,338 - PyQt4.uic.properties - DEBUG - setting property windowTitle
2017-11-12 11:57:30,338 - PyQt4.uic.uiparser - DEBUG - push QWidget CobraUI
2017-11-12 11:57:30,338 - PyQt4.uic.uiparser - DEBUG - pop widget QWidget CobraUI
2017-11-12 11:57:30,338 - PyQt4.uic.uiparser - DEBUG - new topwidget None
2017-11-12 11:58:26,103 - root - INFO - Created main logger
2017-11-12 11:58:26,110 - PyQt4.uic.uiparser - DEBUG - UI version is 4.0
2017-11-12 11:58:26,111 - PyQt4.uic.uiparser - DEBUG - uiname is CobraUI
2017-11-12 11:58:26,111 - PyQt4.uic.uiparser - DEBUG - toplevel widget is QWidget
2017-11-12 11:58:26,111 - PyQt4.uic.properties - DEBUG - setting property geometry
2017-11-12 11:58:26,111 - PyQt4.uic.properties - DEBUG - setting property windowTitle
2017-11-12 11:58:26,112 - PyQt4.uic.uiparser - DEBUG - push QWidget CobraUI
2017-11-12 11:58:26,112 - PyQt4.uic.uiparser - DEBUG - pop widget QWidget CobraUI
2017-11-12 11:58:26,112 - PyQt4.uic.uiparser - DEBUG - new topwidget None
2017-11-12 11:58:48,541 - root - INFO - Created main logger
2017-11-12 11:58:54,774 - root - INFO - Created main logger
2017-11-12 11:58:54,780 - PyQt4.uic.uiparser - DEBUG - UI version is 4.0
2017-11-12 11:58:54,780 - PyQt4.uic.uiparser - DEBUG - uiname is CobraUI
2017-11-12 11:58:54,781 - PyQt4.uic.uiparser - DEBUG - toplevel widget is QWidget
2017-11-12 11:58:54,781 - PyQt4.uic.properties - DEBUG - setting property geometry
2017-11-12 11:58:54,781 - PyQt4.uic.properties - DEBUG - setting property windowTitle
2017-11-12 11:58:54,781 - PyQt4.uic.uiparser - DEBUG - push QWidget CobraUI
2017-11-12 11:58:54,781 - PyQt4.uic.uiparser - DEBUG - pop widget QWidget CobraUI
2017-11-12 11:58:54,781 - PyQt4.uic.uiparser - DEBUG - new topwidget None
2017-11-12 12:09:53,470 - root - INFO - Created main logger
2017-11-12 12:09:53,480 - PyQt4.uic.uiparser - DEBUG - UI version is 4.0
2017-11-12 12:09:53,480 - PyQt4.uic.uiparser - DEBUG - uiname is CobraUI
2017-11-12 12:09:53,481 - PyQt4.uic.uiparser - DEBUG - toplevel widget is QWidget
2017-11-12 12:09:53,481 - PyQt4.uic.properties - DEBUG - setting property geometry
2017-11-12 12:09:53,481 - PyQt4.uic.properties - DEBUG - setting property windowTitle
2017-11-12 12:09:53,481 - PyQt4.uic.uiparser - DEBUG - push QWidget CobraUI
2017-11-12 12:09:53,481 - PyQt4.uic.uiparser - DEBUG - pop widget QWidget CobraUI
2017-11-12 12:09:53,481 - PyQt4.uic.uiparser - DEBUG - new topwidget None
2017-11-12 12:09:53,661 - optlang.util - DEBUG - Gurobi python bindings not available.
2017-11-12 12:09:53,668 - optlang.util - DEBUG - GLPK python bindings found at /usr/local/lib/python2.7/dist-packages/swiglpk
2017-11-12 12:09:53,669 - optlang.util - DEBUG - Mosek python bindings not available.
2017-11-12 12:09:53,669 - optlang.util - DEBUG - CPLEX python bindings not available.
2017-11-12 12:09:53,669 - optlang.util - DEBUG - Scipy linprog function found at /usr/local/lib/python2.7/dist-packages/scipy/optimize/__init__.pyc
2017-11-12 12:09:53,672 - cobra.solvers - DEBUG - adding 'cplex_solver_java'...
2017-11-12 12:09:53,672 - cobra.solvers - DEBUG - addition failed: No module named ilog.concert
2017-11-12 12:09:53,672 - cobra.solvers - DEBUG - adding 'mosek'...
2017-11-12 12:09:53,673 - cobra.solvers - DEBUG - addition failed: No module named mosek
2017-11-12 12:09:53,673 - cobra.solvers - DEBUG - adding 'esolver'...
2017-11-12 12:09:53,803 - cobra.solvers - DEBUG - addition failed: esolver command not found
2017-11-12 12:09:53,804 - cobra.solvers - DEBUG - adding 'cglpk'...
2017-11-12 12:09:53,804 - cobra.solvers - DEBUG - success!
2017-11-12 12:09:53,804 - cobra.solvers - DEBUG - adding 'glpk_solver'...
2017-11-12 12:09:53,804 - cobra.solvers - DEBUG - addition failed: No module named glpk
2017-11-12 12:09:53,804 - cobra.solvers - DEBUG - adding 'cplex_solver'...
2017-11-12 12:09:53,805 - cobra.solvers - DEBUG - addition failed: No module named cplex
2017-11-12 12:09:53,805 - cobra.solvers - DEBUG - adding 'glpk_solver_java'...
2017-11-12 12:09:53,805 - cobra.solvers - DEBUG - addition failed: No module named org.gnu.glpk
2017-11-12 12:09:53,805 - cobra.solvers - DEBUG - adding 'gurobi_solver_java'...
2017-11-12 12:09:53,805 - cobra.solvers - DEBUG - addition failed: No module named gurobi
2017-11-12 12:09:53,805 - cobra.solvers - DEBUG - adding 'gurobi_solver'...
2017-11-12 12:09:53,806 - cobra.solvers - DEBUG - addition failed: No module named gurobipy
2017-11-12 12:09:53,806 - cobra.solvers - DEBUG - adding 'coin'...
2017-11-12 12:09:53,806 - cobra.solvers - DEBUG - addition failed: No module named cylp.cy
2017-11-12 12:09:54,256 - pip.utils - DEBUG - lzma module is not available
2017-11-12 12:09:54,256 - pip.vcs - DEBUG - Registered VCS backend: git
2017-11-12 12:09:54,262 - pip.vcs - DEBUG - Registered VCS backend: hg
2017-11-12 12:09:54,286 - pip.vcs - DEBUG - Registered VCS backend: svn
2017-11-12 12:09:54,287 - pip.vcs - DEBUG - Registered VCS backend: bzr
2017-11-12 21:14:42,825 - root - INFO - Created main logger
2017-11-12 21:14:42,838 - PyQt4.uic.uiparser - DEBUG - UI version is 4.0
2017-11-12 21:14:42,838 - PyQt4.uic.uiparser - DEBUG - uiname is CobraUI
2017-11-12 21:14:42,839 - PyQt4.uic.uiparser - DEBUG - toplevel widget is QWidget
2017-11-12 21:14:42,839 - PyQt4.uic.properties - DEBUG - setting property geometry
2017-11-12 21:14:42,839 - PyQt4.uic.properties - DEBUG - setting property windowTitle
2017-11-12 21:14:42,840 - PyQt4.uic.uiparser - DEBUG - push QWidget CobraUI
2017-11-12 21:14:42,840 - PyQt4.uic.uiparser - DEBUG - pop widget QWidget CobraUI
2017-11-12 21:14:42,840 - PyQt4.uic.uiparser - DEBUG - new topwidget None
2017-11-12 21:14:43,164 - optlang.util - DEBUG - Gurobi python bindings not available.
2017-11-12 21:14:43,192 - optlang.util - DEBUG - GLPK python bindings found at /usr/local/lib/python2.7/dist-packages/swiglpk
2017-11-12 21:14:43,192 - optlang.util - DEBUG - Mosek python bindings not available.
2017-11-12 21:14:43,192 - optlang.util - DEBUG - CPLEX python bindings not available.
2017-11-12 21:14:43,192 - optlang.util - DEBUG - Scipy linprog function found at /usr/local/lib/python2.7/dist-packages/scipy/optimize/__init__.pyc
2017-11-12 21:14:43,199 - cobra.solvers - DEBUG - adding 'cplex_solver_java'...
2017-11-12 21:14:43,199 - cobra.solvers - DEBUG - addition failed: No module named ilog.concert
2017-11-12 21:14:43,199 - cobra.solvers - DEBUG - adding 'mosek'...
2017-11-12 21:14:43,200 - cobra.solvers - DEBUG - addition failed: No module named mosek
2017-11-12 21:14:43,200 - cobra.solvers - DEBUG - adding 'esolver'...
2017-11-12 21:14:43,454 - cobra.solvers - DEBUG - addition failed: esolver command not found
2017-11-12 21:14:43,454 - cobra.solvers - DEBUG - adding 'cglpk'...
2017-11-12 21:14:43,454 - cobra.solvers - DEBUG - success!
2017-11-12 21:14:43,454 - cobra.solvers - DEBUG - adding 'glpk_solver'...
2017-11-12 21:14:43,455 - cobra.solvers - DEBUG - addition failed: No module named glpk
2017-11-12 21:14:43,455 - cobra.solvers - DEBUG - adding 'cplex_solver'...
2017-11-12 21:14:43,456 - cobra.solvers - DEBUG - addition failed: No module named cplex
2017-11-12 21:14:43,456 - cobra.solvers - DEBUG - adding 'glpk_solver_java'...
2017-11-12 21:14:43,456 - cobra.solvers - DEBUG - addition failed: No module named org.gnu.glpk
2017-11-12 21:14:43,456 - cobra.solvers - DEBUG - adding 'gurobi_solver_java'...
2017-11-12 21:14:43,457 - cobra.solvers - DEBUG - addition failed: No module named gurobi
2017-11-12 21:14:43,457 - cobra.solvers - DEBUG - adding 'gurobi_solver'...
2017-11-12 21:14:43,458 - cobra.solvers - DEBUG - addition failed: No module named gurobipy
2017-11-12 21:14:43,458 - cobra.solvers - DEBUG - adding 'coin'...
2017-11-12 21:14:43,458 - cobra.solvers - DEBUG - addition failed: No module named cylp.cy
2017-11-12 21:14:44,227 - pip.utils - DEBUG - lzma module is not available
2017-11-12 21:14:44,228 - pip.vcs - DEBUG - Registered VCS backend: git
2017-11-12 21:14:44,242 - pip.vcs - DEBUG - Registered VCS backend: hg
2017-11-12 21:14:44,280 - pip.vcs - DEBUG - Registered VCS backend: svn
2017-11-12 21:14:44,281 - pip.vcs - DEBUG - Registered VCS backend: bzr
2017-11-12 21:15:41,358 - root - INFO - Created main logger
2017-11-12 21:15:41,364 - PyQt4.uic.uiparser - DEBUG - UI version is 4.0
2017-11-12 21:15:41,364 - PyQt4.uic.uiparser - DEBUG - uiname is CobraUI
2017-11-12 21:15:41,365 - PyQt4.uic.uiparser - DEBUG - toplevel widget is QWidget
2017-11-12 21:15:41,365 - PyQt4.uic.properties - DEBUG - setting property geometry
2017-11-12 21:15:41,365 - PyQt4.uic.properties - DEBUG - setting property windowTitle
2017-11-12 21:15:41,365 - PyQt4.uic.uiparser - DEBUG - push QWidget CobraUI
2017-11-12 21:15:41,365 - PyQt4.uic.uiparser - DEBUG - pop widget QWidget CobraUI
2017-11-12 21:15:41,365 - PyQt4.uic.uiparser - DEBUG - new topwidget None
2017-11-12 21:15:41,551 - optlang.util - DEBUG - Gurobi python bindings not available.
2017-11-12 21:15:41,558 - optlang.util - DEBUG - GLPK python bindings found at /usr/local/lib/python2.7/dist-packages/swiglpk
2017-11-12 21:15:41,558 - optlang.util - DEBUG - Mosek python bindings not available.
2017-11-12 21:15:41,558 - optlang.util - DEBUG - CPLEX python bindings not available.
2017-11-12 21:15:41,558 - optlang.util - DEBUG - Scipy linprog function found at /usr/local/lib/python2.7/dist-packages/scipy/optimize/__init__.pyc
2017-11-12 21:15:41,561 - cobra.solvers - DEBUG - adding 'cplex_solver_java'...
2017-11-12 21:15:41,562 - cobra.solvers - DEBUG - addition failed: No module named ilog.concert
2017-11-12 21:15:41,562 - cobra.solvers - DEBUG - adding 'mosek'...
2017-11-12 21:15:41,562 - cobra.solvers - DEBUG - addition failed: No module named mosek
2017-11-12 21:15:41,562 - cobra.solvers - DEBUG - adding 'esolver'...
2017-11-12 21:15:41,696 - cobra.solvers - DEBUG - addition failed: esolver command not found
2017-11-12 21:15:41,696 - cobra.solvers - DEBUG - adding 'cglpk'...
2017-11-12 21:15:41,696 - cobra.solvers - DEBUG - success!
2017-11-12 21:15:41,696 - cobra.solvers - DEBUG - adding 'glpk_solver'...
2017-11-12 21:15:41,697 - cobra.solvers - DEBUG - addition failed: No module named glpk
2017-11-12 21:15:41,697 - cobra.solvers - DEBUG - adding 'cplex_solver'...
2017-11-12 21:15:41,697 - cobra.solvers - DEBUG - addition failed: No module named cplex
2017-11-12 21:15:41,697 - cobra.solvers - DEBUG - adding 'glpk_solver_java'...
2017-11-12 21:15:41,698 - cobra.solvers - DEBUG - addition failed: No module named org.gnu.glpk
2017-11-12 21:15:41,698 - cobra.solvers - DEBUG - adding 'gurobi_solver_java'...
2017-11-12 21:15:41,698 - cobra.solvers - DEBUG - addition failed: No module named gurobi
2017-11-12 21:15:41,698 - cobra.solvers - DEBUG - adding 'gurobi_solver'...
2017-11-12 21:15:41,698 - cobra.solvers - DEBUG - addition failed: No module named gurobipy
2017-11-12 21:15:41,698 - cobra.solvers - DEBUG - adding 'coin'...
2017-11-12 21:15:41,699 - cobra.solvers - DEBUG - addition failed: No module named cylp.cy
2017-11-12 21:15:42,157 - pip.utils - DEBUG - lzma module is not available
2017-11-12 21:15:42,157 - pip.vcs - DEBUG - Registered VCS backend: git
2017-11-12 21:15:42,163 - pip.vcs - DEBUG - Registered VCS backend: hg
2017-11-12 21:15:42,187 - pip.vcs - DEBUG - Registered VCS backend: svn
2017-11-12 21:15:42,188 - pip.vcs - DEBUG - Registered VCS backend: bzr
2017-11-12 21:16:10,459 - root - INFO - Created main logger
2017-11-12 21:16:10,465 - PyQt4.uic.uiparser - DEBUG - UI version is 4.0
2017-11-12 21:16:10,465 - PyQt4.uic.uiparser - DEBUG - uiname is CobraUI
2017-11-12 21:16:10,465 - PyQt4.uic.uiparser - DEBUG - toplevel widget is QWidget
2017-11-12 21:16:10,465 - PyQt4.uic.properties - DEBUG - setting property geometry
2017-11-12 21:16:10,465 - PyQt4.uic.properties - DEBUG - setting property windowTitle
2017-11-12 21:16:10,465 - PyQt4.uic.uiparser - DEBUG - push QWidget CobraUI
2017-11-12 21:16:10,466 - PyQt4.uic.uiparser - DEBUG - pop widget QWidget CobraUI
2017-11-12 21:16:10,466 - PyQt4.uic.uiparser - DEBUG - new topwidget None
2017-11-12 21:16:10,646 - optlang.util - DEBUG - Gurobi python bindings not available.
2017-11-12 21:16:10,653 - optlang.util - DEBUG - GLPK python bindings found at /usr/local/lib/python2.7/dist-packages/swiglpk
2017-11-12 21:16:10,653 - optlang.util - DEBUG - Mosek python bindings not available.
2017-11-12 21:16:10,654 - optlang.util - DEBUG - CPLEX python bindings not available.
2017-11-12 21:16:10,654 - optlang.util - DEBUG - Scipy linprog function found at /usr/local/lib/python2.7/dist-packages/scipy/optimize/__init__.pyc
2017-11-12 21:16:10,657 - cobra.solvers - DEBUG - adding 'cplex_solver_java'...
2017-11-12 21:16:10,657 - cobra.solvers - DEBUG - addition failed: No module named ilog.concert
2017-11-12 21:16:10,657 - cobra.solvers - DEBUG - adding 'mosek'...
2017-11-12 21:16:10,657 - cobra.solvers - DEBUG - addition failed: No module named mosek
2017-11-12 21:16:10,658 - cobra.solvers - DEBUG - adding 'esolver'...
2017-11-12 21:16:10,791 - cobra.solvers - DEBUG - addition failed: esolver command not found
2017-11-12 21:16:10,791 - cobra.solvers - DEBUG - adding 'cglpk'...
2017-11-12 21:16:10,792 - cobra.solvers - DEBUG - success!
2017-11-12 21:16:10,792 - cobra.solvers - DEBUG - adding 'glpk_solver'...
2017-11-12 21:16:10,792 - cobra.solvers - DEBUG - addition failed: No module named glpk
2017-11-12 21:16:10,792 - cobra.solvers - DEBUG - adding 'cplex_solver'...
2017-11-12 21:16:10,792 - cobra.solvers - DEBUG - addition failed: No module named cplex
2017-11-12 21:16:10,793 - cobra.solvers - DEBUG - adding 'glpk_solver_java'...
2017-11-12 21:16:10,793 - cobra.solvers - DEBUG - addition failed: No module named org.gnu.glpk
2017-11-12 21:16:10,793 - cobra.solvers - DEBUG - adding 'gurobi_solver_java'...
2017-11-12 21:16:10,793 - cobra.solvers - DEBUG - addition failed: No module named gurobi
2017-11-12 21:16:10,793 - cobra.solvers - DEBUG - adding 'gurobi_solver'...
2017-11-12 21:16:10,794 - cobra.solvers - DEBUG - addition failed: No module named gurobipy
2017-11-12 21:16:10,794 - cobra.solvers - DEBUG - adding 'coin'...
2017-11-12 21:16:10,794 - cobra.solvers - DEBUG - addition failed: No module named cylp.cy
2017-11-12 21:16:11,247 - pip.utils - DEBUG - lzma module is not available
2017-11-12 21:16:11,248 - pip.vcs - DEBUG - Registered VCS backend: git
2017-11-12 21:16:11,254 - pip.vcs - DEBUG - Registered VCS backend: hg
2017-11-12 21:16:11,278 - pip.vcs - DEBUG - Registered VCS backend: svn
2017-11-12 21:16:11,278 - pip.vcs - DEBUG - Registered VCS backend: bzr
2017-11-12 21:26:49,567 - root - INFO - Created main logger
2017-11-12 21:26:49,572 - PyQt4.uic.uiparser - DEBUG - UI version is 4.0
2017-11-12 21:26:49,572 - PyQt4.uic.uiparser - DEBUG - uiname is CobraUI
2017-11-12 21:26:49,573 - PyQt4.uic.uiparser - DEBUG - toplevel widget is QWidget
2017-11-12 21:26:49,573 - PyQt4.uic.properties - DEBUG - setting property geometry
2017-11-12 21:26:49,573 - PyQt4.uic.properties - DEBUG - setting property windowTitle
2017-11-12 21:26:49,573 - PyQt4.uic.uiparser - DEBUG - push QWidget CobraUI
2017-11-12 21:26:49,573 - PyQt4.uic.uiparser - DEBUG - pop widget QWidget CobraUI
2017-11-12 21:26:49,574 - PyQt4.uic.uiparser - DEBUG - new topwidget None
2017-11-12 21:26:49,754 - optlang.util - DEBUG - Gurobi python bindings not available.
2017-11-12 21:26:49,761 - optlang.util - DEBUG - GLPK python bindings found at /usr/local/lib/python2.7/dist-packages/swiglpk
2017-11-12 21:26:49,761 - optlang.util - DEBUG - Mosek python bindings not available.
2017-11-12 21:26:49,761 - optlang.util - DEBUG - CPLEX python bindings not available.
2017-11-12 21:26:49,761 - optlang.util - DEBUG - Scipy linprog function found at /usr/local/lib/python2.7/dist-packages/scipy/optimize/__init__.pyc
2017-11-12 21:26:49,764 - cobra.solvers - DEBUG - adding 'cplex_solver_java'...
2017-11-12 21:26:49,764 - cobra.solvers - DEBUG - addition failed: No module named ilog.concert
2017-11-12 21:26:49,764 - cobra.solvers - DEBUG - adding 'mosek'...
2017-11-12 21:26:49,765 - cobra.solvers - DEBUG - addition failed: No module named mosek
2017-11-12 21:26:49,765 - cobra.solvers - DEBUG - adding 'esolver'...
2017-11-12 21:26:49,897 - cobra.solvers - DEBUG - addition failed: esolver command not found
2017-11-12 21:26:49,898 - cobra.solvers - DEBUG - adding 'cglpk'...
2017-11-12 21:26:49,898 - cobra.solvers - DEBUG - success!
2017-11-12 21:26:49,898 - cobra.solvers - DEBUG - adding 'glpk_solver'...
2017-11-12 21:26:49,898 - cobra.solvers - DEBUG - addition failed: No module named glpk
2017-11-12 21:26:49,898 - cobra.solvers - DEBUG - adding 'cplex_solver'...
2017-11-12 21:26:49,899 - cobra.solvers - DEBUG - addition failed: No module named cplex
2017-11-12 21:26:49,899 - cobra.solvers - DEBUG - adding 'glpk_solver_java'...
2017-11-12 21:26:49,899 - cobra.solvers - DEBUG - addition failed: No module named org.gnu.glpk
2017-11-12 21:26:49,899 - cobra.solvers - DEBUG - adding 'gurobi_solver_java'...
2017-11-12 21:26:49,900 - cobra.solvers - DEBUG - addition failed: No module named gurobi
2017-11-12 21:26:49,900 - cobra.solvers - DEBUG - adding 'gurobi_solver'...
2017-11-12 21:26:49,900 - cobra.solvers - DEBUG - addition failed: No module named gurobipy
2017-11-12 21:26:49,900 - cobra.solvers - DEBUG - adding 'coin'...
2017-11-12 21:26:49,900 - cobra.solvers - DEBUG - addition failed: No module named cylp.cy
2017-11-12 21:26:50,360 - pip.utils - DEBUG - lzma module is not available
2017-11-12 21:26:50,361 - pip.vcs - DEBUG - Registered VCS backend: git
2017-11-12 21:26:50,367 - pip.vcs - DEBUG - Registered VCS backend: hg
2017-11-12 21:26:50,391 - pip.vcs - DEBUG - Registered VCS backend: svn
2017-11-12 21:26:50,392 - pip.vcs - DEBUG - Registered VCS backend: bzr
2017-11-12 21:30:18,434 - root - INFO - Created main logger
2017-11-12 21:30:18,440 - PyQt4.uic.uiparser - DEBUG - UI version is 4.0
2017-11-12 21:30:18,441 - PyQt4.uic.uiparser - DEBUG - uiname is CobraUI
2017-11-12 21:30:18,441 - PyQt4.uic.uiparser - DEBUG - toplevel widget is QWidget
2017-11-12 21:30:18,441 - PyQt4.uic.properties - DEBUG - setting property geometry
2017-11-12 21:30:18,441 - PyQt4.uic.properties - DEBUG - setting property windowTitle
2017-11-12 21:30:18,441 - PyQt4.uic.uiparser - DEBUG - push QWidget CobraUI
2017-11-12 21:30:18,441 - PyQt4.uic.uiparser - DEBUG - pop widget QWidget CobraUI
2017-11-12 21:30:18,442 - PyQt4.uic.uiparser - DEBUG - new topwidget None
2017-11-12 21:30:18,620 - optlang.util - DEBUG - Gurobi python bindings not available.
2017-11-12 21:30:18,628 - optlang.util - DEBUG - GLPK python bindings found at /usr/local/lib/python2.7/dist-packages/swiglpk
2017-11-12 21:30:18,628 - optlang.util - DEBUG - Mosek python bindings not available.
2017-11-12 21:30:18,628 - optlang.util - DEBUG - CPLEX python bindings not available.
2017-11-12 21:30:18,629 - optlang.util - DEBUG - Scipy linprog function found at /usr/local/lib/python2.7/dist-packages/scipy/optimize/__init__.pyc
2017-11-12 21:30:18,632 - cobra.solvers - DEBUG - adding 'cplex_solver_java'...
2017-11-12 21:30:18,632 - cobra.solvers - DEBUG - addition failed: No module named ilog.concert
2017-11-12 21:30:18,632 - cobra.solvers - DEBUG - adding 'mosek'...
2017-11-12 21:30:18,632 - cobra.solvers - DEBUG - addition failed: No module named mosek
2017-11-12 21:30:18,632 - cobra.solvers - DEBUG - adding 'esolver'...
2017-11-12 21:30:18,767 - cobra.solvers - DEBUG - addition failed: esolver command not found
2017-11-12 21:30:18,767 - cobra.solvers - DEBUG - adding 'cglpk'...
2017-11-12 21:30:18,767 - cobra.solvers - DEBUG - success!
2017-11-12 21:30:18,768 - cobra.solvers - DEBUG - adding 'glpk_solver'...
2017-11-12 21:30:18,768 - cobra.solvers - DEBUG - addition failed: No module named glpk
2017-11-12 21:30:18,768 - cobra.solvers - DEBUG - adding 'cplex_solver'...
2017-11-12 21:30:18,768 - cobra.solvers - DEBUG - addition failed: No module named cplex
2017-11-12 21:30:18,768 - cobra.solvers - DEBUG - adding 'glpk_solver_java'...
2017-11-12 21:30:18,769 - cobra.solvers - DEBUG - addition failed: No module named org.gnu.glpk
2017-11-12 21:30:18,769 - cobra.solvers - DEBUG - adding 'gurobi_solver_java'...
2017-11-12 21:30:18,769 - cobra.solvers - DEBUG - addition failed: No module named gurobi
2017-11-12 21:30:18,769 - cobra.solvers - DEBUG - adding 'gurobi_solver'...
2017-11-12 21:30:18,770 - cobra.solvers - DEBUG - addition failed: No module named gurobipy
2017-11-12 21:30:18,770 - cobra.solvers - DEBUG - adding 'coin'...
2017-11-12 21:30:18,770 - cobra.solvers - DEBUG - addition failed: No module named cylp.cy
2017-11-12 21:30:19,260 - pip.utils - DEBUG - lzma module is not available
2017-11-12 21:30:19,261 - pip.vcs - DEBUG - Registered VCS backend: git
2017-11-12 21:30:19,267 - pip.vcs - DEBUG - Registered VCS backend: hg
2017-11-12 21:30:19,291 - pip.vcs - DEBUG - Registered VCS backend: svn
2017-11-12 21:30:19,291 - pip.vcs - DEBUG - Registered VCS backend: bzr
2017-11-12 21:58:53,780 - root - INFO - Created main logger
2017-11-12 21:58:53,788 - PyQt4.uic.uiparser - DEBUG - UI version is 4.0
2017-11-12 21:58:53,788 - PyQt4.uic.uiparser - DEBUG - uiname is CobraUI
2017-11-12 21:58:53,789 - PyQt4.uic.uiparser - DEBUG - toplevel widget is QWidget
2017-11-12 21:58:53,789 - PyQt4.uic.properties - DEBUG - setting property geometry
2017-11-12 21:58:53,789 - PyQt4.uic.properties - DEBUG - setting property windowTitle
2017-11-12 21:58:53,789 - PyQt4.uic.uiparser - DEBUG - push QWidget CobraUI
2017-11-12 21:58:53,789 - PyQt4.uic.uiparser - DEBUG - pop widget QWidget CobraUI
2017-11-12 21:58:53,789 - PyQt4.uic.uiparser - DEBUG - new topwidget None
2017-11-12 21:58:53,957 - optlang.util - DEBUG - Gurobi python bindings not available.
2017-11-12 21:58:53,976 - optlang.util - DEBUG - GLPK python bindings found at /usr/local/lib/python2.7/dist-packages/swiglpk
2017-11-12 21:58:53,976 - optlang.util - DEBUG - Mosek python bindings not available.
2017-11-12 21:58:53,976 - optlang.util - DEBUG - CPLEX python bindings not available.
2017-11-12 21:58:53,976 - optlang.util - DEBUG - Scipy linprog function found at /usr/local/lib/python2.7/dist-packages/scipy/optimize/__init__.pyc
2017-11-12 21:58:53,980 - cobra.solvers - DEBUG - adding 'cplex_solver_java'...
2017-11-12 21:58:53,981 - cobra.solvers - DEBUG - addition failed: No module named ilog.concert
2017-11-12 21:58:53,981 - cobra.solvers - DEBUG - adding 'mosek'...
2017-11-12 21:58:53,981 - cobra.solvers - DEBUG - addition failed: No module named mosek
2017-11-12 21:58:53,981 - cobra.solvers - DEBUG - adding 'esolver'...
2017-11-12 21:58:54,141 - cobra.solvers - DEBUG - addition failed: esolver command not found
2017-11-12 21:58:54,141 - cobra.solvers - DEBUG - adding 'cglpk'...
2017-11-12 21:58:54,141 - cobra.solvers - DEBUG - success!
2017-11-12 21:58:54,141 - cobra.solvers - DEBUG - adding 'glpk_solver'...
2017-11-12 21:58:54,142 - cobra.solvers - DEBUG - addition failed: No module named glpk
2017-11-12 21:58:54,142 - cobra.solvers - DEBUG - adding 'cplex_solver'...
2017-11-12 21:58:54,142 - cobra.solvers - DEBUG - addition failed: No module named cplex
2017-11-12 21:58:54,142 - cobra.solvers - DEBUG - adding 'glpk_solver_java'...
2017-11-12 21:58:54,143 - cobra.solvers - DEBUG - addition failed: No module named org.gnu.glpk
2017-11-12 21:58:54,143 - cobra.solvers - DEBUG - adding 'gurobi_solver_java'...
2017-11-12 21:58:54,143 - cobra.solvers - DEBUG - addition failed: No module named gurobi
2017-11-12 21:58:54,143 - cobra.solvers - DEBUG - adding 'gurobi_solver'...
2017-11-12 21:58:54,143 - cobra.solvers - DEBUG - addition failed: No module named gurobipy
2017-11-12 21:58:54,143 - cobra.solvers - DEBUG - adding 'coin'...
2017-11-12 21:58:54,144 - cobra.solvers - DEBUG - addition failed: No module named cylp.cy
2017-11-12 21:58:54,616 - pip.utils - DEBUG - lzma module is not available
2017-11-12 21:58:54,617 - pip.vcs - DEBUG - Registered VCS backend: git
2017-11-12 21:58:54,623 - pip.vcs - DEBUG - Registered VCS backend: hg
2017-11-12 21:58:54,647 - pip.vcs - DEBUG - Registered VCS backend: svn
2017-11-12 21:58:54,647 - pip.vcs - DEBUG - Registered VCS backend: bzr
2017-11-12 22:15:41,905 - root - INFO - Created main logger
2017-11-12 22:15:41,917 - PyQt4.uic.uiparser - DEBUG - UI version is 4.0
2017-11-12 22:15:41,917 - PyQt4.uic.uiparser - DEBUG - uiname is CobraUI
2017-11-12 22:15:41,917 - PyQt4.uic.uiparser - DEBUG - toplevel widget is QWidget
2017-11-12 22:15:41,917 - PyQt4.uic.properties - DEBUG - setting property geometry
2017-11-12 22:15:41,918 - PyQt4.uic.properties - DEBUG - setting property windowTitle
2017-11-12 22:15:41,918 - PyQt4.uic.uiparser - DEBUG - push QWidget CobraUI
2017-11-12 22:15:41,918 - PyQt4.uic.uiparser - DEBUG - pop widget QWidget CobraUI
2017-11-12 22:15:41,918 - PyQt4.uic.uiparser - DEBUG - new topwidget None
2017-11-12 22:15:42,228 - optlang.util - DEBUG - Gurobi python bindings not available.
2017-11-12 22:15:42,251 - optlang.util - DEBUG - GLPK python bindings found at /usr/local/lib/python2.7/dist-packages/swiglpk
2017-11-12 22:15:42,252 - optlang.util - DEBUG - Mosek python bindings not available.
2017-11-12 22:15:42,252 - optlang.util - DEBUG - CPLEX python bindings not available.
2017-11-12 22:15:42,252 - optlang.util - DEBUG - Scipy linprog function found at /usr/local/lib/python2.7/dist-packages/scipy/optimize/__init__.pyc
2017-11-12 22:15:42,259 - cobra.solvers - DEBUG - adding 'cplex_solver_java'...
2017-11-12 22:15:42,259 - cobra.solvers - DEBUG - addition failed: No module named ilog.concert
2017-11-12 22:15:42,260 - cobra.solvers - DEBUG - adding 'mosek'...
2017-11-12 22:15:42,260 - cobra.solvers - DEBUG - addition failed: No module named mosek
2017-11-12 22:15:42,260 - cobra.solvers - DEBUG - adding 'esolver'...
2017-11-12 22:15:42,447 - cobra.solvers - DEBUG - addition failed: esolver command not found
2017-11-12 22:15:42,447 - cobra.solvers - DEBUG - adding 'cglpk'...
2017-11-12 22:15:42,447 - cobra.solvers - DEBUG - success!
2017-11-12 22:15:42,447 - cobra.solvers - DEBUG - adding 'glpk_solver'...
2017-11-12 22:15:42,448 - cobra.solvers - DEBUG - addition failed: No module named glpk
2017-11-12 22:15:42,448 - cobra.solvers - DEBUG - adding 'cplex_solver'...
2017-11-12 22:15:42,448 - cobra.solvers - DEBUG - addition failed: No module named cplex
2017-11-12 22:15:42,448 - cobra.solvers - DEBUG - adding 'glpk_solver_java'...
2017-11-12 22:15:42,449 - cobra.solvers - DEBUG - addition failed: No module named org.gnu.glpk
2017-11-12 22:15:42,449 - cobra.solvers - DEBUG - adding 'gurobi_solver_java'...
2017-11-12 22:15:42,449 - cobra.solvers - DEBUG - addition failed: No module named gurobi
2017-11-12 22:15:42,449 - cobra.solvers - DEBUG - adding 'gurobi_solver'...
2017-11-12 22:15:42,450 - cobra.solvers - DEBUG - addition failed: No module named gurobipy
2017-11-12 22:15:42,450 - cobra.solvers - DEBUG - adding 'coin'...
2017-11-12 22:15:42,450 - cobra.solvers - DEBUG - addition failed: No module named cylp.cy
2017-11-12 22:15:43,048 - pip.utils - DEBUG - lzma module is not available
2017-11-12 22:15:43,050 - pip.vcs - DEBUG - Registered VCS backend: git
2017-11-12 22:15:43,061 - pip.vcs - DEBUG - Registered VCS backend: hg
2017-11-12 22:15:43,097 - pip.vcs - DEBUG - Registered VCS backend: svn
2017-11-12 22:15:43,097 - pip.vcs - DEBUG - Registered VCS backend: bzr
2017-11-12 22:16:00,928 - root - INFO - Created main logger
2017-11-12 22:16:00,933 - PyQt4.uic.uiparser - DEBUG - UI version is 4.0
2017-11-12 22:16:00,934 - PyQt4.uic.uiparser - DEBUG - uiname is CobraUI
2017-11-12 22:16:00,934 - PyQt4.uic.uiparser - DEBUG - toplevel widget is QWidget
2017-11-12 22:16:00,935 - PyQt4.uic.properties - DEBUG - setting property geometry
2017-11-12 22:16:00,935 - PyQt4.uic.properties - DEBUG - setting property windowTitle
2017-11-12 22:16:00,935 - PyQt4.uic.uiparser - DEBUG - push QWidget CobraUI
2017-11-12 22:16:00,935 - PyQt4.uic.uiparser - DEBUG - pop widget QWidget CobraUI
2017-11-12 22:16:00,935 - PyQt4.uic.uiparser - DEBUG - new topwidget None
2017-11-12 22:16:01,116 - optlang.util - DEBUG - Gurobi python bindings not available.
2017-11-12 22:16:01,123 - optlang.util - DEBUG - GLPK python bindings found at /usr/local/lib/python2.7/dist-packages/swiglpk
2017-11-12 22:16:01,124 - optlang.util - DEBUG - Mosek python bindings not available.
2017-11-12 22:16:01,124 - optlang.util - DEBUG - CPLEX python bindings not available.
2017-11-12 22:16:01,124 - optlang.util - DEBUG - Scipy linprog function found at /usr/local/lib/python2.7/dist-packages/scipy/optimize/__init__.pyc
2017-11-12 22:16:01,127 - cobra.solvers - DEBUG - adding 'cplex_solver_java'...
2017-11-12 22:16:01,127 - cobra.solvers - DEBUG - addition failed: No module named ilog.concert
2017-11-12 22:16:01,127 - cobra.solvers - DEBUG - adding 'mosek'...
2017-11-12 22:16:01,128 - cobra.solvers - DEBUG - addition failed: No module named mosek
2017-11-12 22:16:01,128 - cobra.solvers - DEBUG - adding 'esolver'...
2017-11-12 22:16:01,260 - cobra.solvers - DEBUG - addition failed: esolver command not found
2017-11-12 22:16:01,261 - cobra.solvers - DEBUG - adding 'cglpk'...
2017-11-12 22:16:01,261 - cobra.solvers - DEBUG - success!
2017-11-12 22:16:01,261 - cobra.solvers - DEBUG - adding 'glpk_solver'...
2017-11-12 22:16:01,261 - cobra.solvers - DEBUG - addition failed: No module named glpk
2017-11-12 22:16:01,261 - cobra.solvers - DEBUG - adding 'cplex_solver'...
2017-11-12 22:16:01,262 - cobra.solvers - DEBUG - addition failed: No module named cplex
2017-11-12 22:16:01,262 - cobra.solvers - DEBUG - adding 'glpk_solver_java'...
2017-11-12 22:16:01,262 - cobra.solvers - DEBUG - addition failed: No module named org.gnu.glpk
2017-11-12 22:16:01,262 - cobra.solvers - DEBUG - adding 'gurobi_solver_java'...
2017-11-12 22:16:01,263 - cobra.solvers - DEBUG - addition failed: No module named gurobi
2017-11-12 22:16:01,263 - cobra.solvers - DEBUG - adding 'gurobi_solver'...
2017-11-12 22:16:01,263 - cobra.solvers - DEBUG - addition failed: No module named gurobipy
2017-11-12 22:16:01,263 - cobra.solvers - DEBUG - adding 'coin'...
2017-11-12 22:16:01,263 - cobra.solvers - DEBUG - addition failed: No module named cylp.cy
2017-11-12 22:16:01,736 - pip.utils - DEBUG - lzma module is not available
2017-11-12 22:16:01,736 - pip.vcs - DEBUG - Registered VCS backend: git
2017-11-12 22:16:01,742 - pip.vcs - DEBUG - Registered VCS backend: hg
2017-11-12 22:16:01,767 - pip.vcs - DEBUG - Registered VCS backend: svn
2017-11-12 22:16:01,767 - pip.vcs - DEBUG - Registered VCS backend: bzr
2017-11-12 22:20:02,837 - root - INFO - Created main logger
2017-11-12 22:20:02,846 - PyQt4.uic.uiparser - DEBUG - UI version is 4.0
2017-11-12 22:20:02,846 - PyQt4.uic.uiparser - DEBUG - uiname is CobraUI
2017-11-12 22:20:02,847 - PyQt4.uic.uiparser - DEBUG - toplevel widget is QWidget
2017-11-12 22:20:02,847 - PyQt4.uic.properties - DEBUG - setting property geometry
2017-11-12 22:20:02,847 - PyQt4.uic.properties - DEBUG - setting property windowTitle
2017-11-12 22:20:02,847 - PyQt4.uic.uiparser - DEBUG - push QWidget CobraUI
2017-11-12 22:20:02,848 - PyQt4.uic.uiparser - DEBUG - pop widget QWidget CobraUI
2017-11-12 22:20:02,848 - PyQt4.uic.uiparser - DEBUG - new topwidget None
2017-11-12 22:20:03,032 - optlang.util - DEBUG - Gurobi python bindings not available.
2017-11-12 22:20:03,039 - optlang.util - DEBUG - GLPK python bindings found at /usr/local/lib/python2.7/dist-packages/swiglpk
2017-11-12 22:20:03,040 - optlang.util - DEBUG - Mosek python bindings not available.
2017-11-12 22:20:03,040 - optlang.util - DEBUG - CPLEX python bindings not available.
2017-11-12 22:20:03,040 - optlang.util - DEBUG - Scipy linprog function found at /usr/local/lib/python2.7/dist-packages/scipy/optimize/__init__.pyc
2017-11-12 22:20:03,043 - cobra.solvers - DEBUG - adding 'cplex_solver_java'...
2017-11-12 22:20:03,043 - cobra.solvers - DEBUG - addition failed: No module named ilog.concert
2017-11-12 22:20:03,043 - cobra.solvers - DEBUG - adding 'mosek'...
2017-11-12 22:20:03,044 - cobra.solvers - DEBUG - addition failed: No module named mosek
2017-11-12 22:20:03,044 - cobra.solvers - DEBUG - adding 'esolver'...
2017-11-12 22:20:03,175 - cobra.solvers - DEBUG - addition failed: esolver command not found
2017-11-12 22:20:03,175 - cobra.solvers - DEBUG - adding 'cglpk'...
2017-11-12 22:20:03,175 - cobra.solvers - DEBUG - success!
2017-11-12 22:20:03,175 - cobra.solvers - DEBUG - adding 'glpk_solver'...
2017-11-12 22:20:03,176 - cobra.solvers - DEBUG - addition failed: No module named glpk
2017-11-12 22:20:03,176 - cobra.solvers - DEBUG - adding 'cplex_solver'...
2017-11-12 22:20:03,176 - cobra.solvers - DEBUG - addition failed: No module named cplex
2017-11-12 22:20:03,176 - cobra.solvers - DEBUG - adding 'glpk_solver_java'...
2017-11-12 22:20:03,176 - cobra.solvers - DEBUG - addition failed: No module named org.gnu.glpk
2017-11-12 22:20:03,177 - cobra.solvers - DEBUG - adding 'gurobi_solver_java'...
2017-11-12 22:20:03,177 - cobra.solvers - DEBUG - addition failed: No module named gurobi
2017-11-12 22:20:03,177 - cobra.solvers - DEBUG - adding 'gurobi_solver'...
2017-11-12 22:20:03,177 - cobra.solvers - DEBUG - addition failed: No module named gurobipy
2017-11-12 22:20:03,177 - cobra.solvers - DEBUG - adding 'coin'...
2017-11-12 22:20:03,178 - cobra.solvers - DEBUG - addition failed: No module named cylp.cy
2017-11-12 22:20:03,630 - pip.utils - DEBUG - lzma module is not available
2017-11-12 22:20:03,630 - pip.vcs - DEBUG - Registered VCS backend: git
2017-11-12 22:20:03,636 - pip.vcs - DEBUG - Registered VCS backend: hg
2017-11-12 22:20:03,660 - pip.vcs - DEBUG - Registered VCS backend: svn
2017-11-12 22:20:03,661 - pip.vcs - DEBUG - Registered VCS backend: bzr
2017-11-12 22:20:15,718 - root - INFO - Created main logger
2017-11-12 22:20:15,724 - PyQt4.uic.uiparser - DEBUG - UI version is 4.0
2017-11-12 22:20:15,724 - PyQt4.uic.uiparser - DEBUG - uiname is CobraUI
2017-11-12 22:20:15,725 - PyQt4.uic.uiparser - DEBUG - toplevel widget is QWidget
2017-11-12 22:20:15,725 - PyQt4.uic.properties - DEBUG - setting property geometry
2017-11-12 22:20:15,725 - PyQt4.uic.properties - DEBUG - setting property windowTitle
2017-11-12 22:20:15,725 - PyQt4.uic.uiparser - DEBUG - push QWidget CobraUI
2017-11-12 22:20:15,725 - PyQt4.uic.uiparser - DEBUG - pop widget QWidget CobraUI
2017-11-12 22:20:15,725 - PyQt4.uic.uiparser - DEBUG - new topwidget None
2017-11-12 22:20:15,906 - optlang.util - DEBUG - Gurobi python bindings not available.
2017-11-12 22:20:15,913 - optlang.util - DEBUG - GLPK python bindings found at /usr/local/lib/python2.7/dist-packages/swiglpk
2017-11-12 22:20:15,913 - optlang.util - DEBUG - Mosek python bindings not available.
2017-11-12 22:20:15,914 - optlang.util - DEBUG - CPLEX python bindings not available.
2017-11-12 22:20:15,914 - optlang.util - DEBUG - Scipy linprog function found at /usr/local/lib/python2.7/dist-packages/scipy/optimize/__init__.pyc
2017-11-12 22:20:15,917 - cobra.solvers - DEBUG - adding 'cplex_solver_java'...
2017-11-12 22:20:15,917 - cobra.solvers - DEBUG - addition failed: No module named ilog.concert
2017-11-12 22:20:15,917 - cobra.solvers - DEBUG - adding 'mosek'...
2017-11-12 22:20:15,917 - cobra.solvers - DEBUG - addition failed: No module named mosek
2017-11-12 22:20:15,918 - cobra.solvers - DEBUG - adding 'esolver'...
2017-11-12 22:20:16,058 - cobra.solvers - DEBUG - addition failed: esolver command not found
2017-11-12 22:20:16,058 - cobra.solvers - DEBUG - adding 'cglpk'...
2017-11-12 22:20:16,058 - cobra.solvers - DEBUG - success!
2017-11-12 22:20:16,058 - cobra.solvers - DEBUG - adding 'glpk_solver'...
2017-11-12 22:20:16,058 - cobra.solvers - DEBUG - addition failed: No module named glpk
2017-11-12 22:20:16,059 - cobra.solvers - DEBUG - adding 'cplex_solver'...
2017-11-12 22:20:16,059 - cobra.solvers - DEBUG - addition failed: No module named cplex
2017-11-12 22:20:16,059 - cobra.solvers - DEBUG - adding 'glpk_solver_java'...
2017-11-12 22:20:16,059 - cobra.solvers - DEBUG - addition failed: No module named org.gnu.glpk
2017-11-12 22:20:16,059 - cobra.solvers - DEBUG - adding 'gurobi_solver_java'...
2017-11-12 22:20:16,060 - cobra.solvers - DEBUG - addition failed: No module named gurobi
2017-11-12 22:20:16,060 - cobra.solvers - DEBUG - adding 'gurobi_solver'...
2017-11-12 22:20:16,060 - cobra.solvers - DEBUG - addition failed: No module named gurobipy
2017-11-12 22:20:16,060 - cobra.solvers - DEBUG - adding 'coin'...
2017-11-12 22:20:16,060 - cobra.solvers - DEBUG - addition failed: No module named cylp.cy
2017-11-12 22:20:16,549 - pip.utils - DEBUG - lzma module is not available
2017-11-12 22:20:16,550 - pip.vcs - DEBUG - Registered VCS backend: git
2017-11-12 22:20:16,556 - pip.vcs - DEBUG - Registered VCS backend: hg
2017-11-12 22:20:16,580 - pip.vcs - DEBUG - Registered VCS backend: svn
2017-11-12 22:20:16,580 - pip.vcs - DEBUG - Registered VCS backend: bzr
2017-11-12 22:21:55,444 - root - INFO - Created main logger
2017-11-12 22:21:55,452 - PyQt4.uic.uiparser - DEBUG - UI version is 4.0
2017-11-12 22:21:55,452 - PyQt4.uic.uiparser - DEBUG - uiname is CobraUI
2017-11-12 22:21:55,453 - PyQt4.uic.uiparser - DEBUG - toplevel widget is QWidget
2017-11-12 22:21:55,453 - PyQt4.uic.properties - DEBUG - setting property geometry
2017-11-12 22:21:55,453 - PyQt4.uic.properties - DEBUG - setting property windowTitle
2017-11-12 22:21:55,453 - PyQt4.uic.uiparser - DEBUG - push QWidget CobraUI
2017-11-12 22:21:55,453 - PyQt4.uic.uiparser - DEBUG - pop widget QWidget CobraUI
2017-11-12 22:21:55,453 - PyQt4.uic.uiparser - DEBUG - new topwidget None
2017-11-12 22:21:55,635 - optlang.util - DEBUG - Gurobi python bindings not available.
2017-11-12 22:21:55,642 - optlang.util - DEBUG - GLPK python bindings found at /usr/local/lib/python2.7/dist-packages/swiglpk
2017-11-12 22:21:55,642 - optlang.util - DEBUG - Mosek python bindings not available.
2017-11-12 22:21:55,642 - optlang.util - DEBUG - CPLEX python bindings not available.
2017-11-12 22:21:55,642 - optlang.util - DEBUG - Scipy linprog function found at /usr/local/lib/python2.7/dist-packages/scipy/optimize/__init__.pyc
2017-11-12 22:21:55,645 - cobra.solvers - DEBUG - adding 'cplex_solver_java'...
2017-11-12 22:21:55,646 - cobra.solvers - DEBUG - addition failed: No module named ilog.concert
2017-11-12 22:21:55,646 - cobra.solvers - DEBUG - adding 'mosek'...
2017-11-12 22:21:55,646 - cobra.solvers - DEBUG - addition failed: No module named mosek
2017-11-12 22:21:55,646 - cobra.solvers - DEBUG - adding 'esolver'...
2017-11-12 22:21:55,775 - cobra.solvers - DEBUG - addition failed: esolver command not found
2017-11-12 22:21:55,775 - cobra.solvers - DEBUG - adding 'cglpk'...
2017-11-12 22:21:55,776 - cobra.solvers - DEBUG - success!
2017-11-12 22:21:55,776 - cobra.solvers - DEBUG - adding 'glpk_solver'...
2017-11-12 22:21:55,776 - cobra.solvers - DEBUG - addition failed: No module named glpk
2017-11-12 22:21:55,776 - cobra.solvers - DEBUG - adding 'cplex_solver'...
2017-11-12 22:21:55,776 - cobra.solvers - DEBUG - addition failed: No module named cplex
2017-11-12 22:21:55,777 - cobra.solvers - DEBUG - adding 'glpk_solver_java'...
2017-11-12 22:21:55,777 - cobra.solvers - DEBUG - addition failed: No module named org.gnu.glpk
2017-11-12 22:21:55,777 - cobra.solvers - DEBUG - adding 'gurobi_solver_java'...
2017-11-12 22:21:55,777 - cobra.solvers - DEBUG - addition failed: No module named gurobi
2017-11-12 22:21:55,777 - cobra.solvers - DEBUG - adding 'gurobi_solver'...
2017-11-12 22:21:55,778 - cobra.solvers - DEBUG - addition failed: No module named gurobipy
2017-11-12 22:21:55,778 - cobra.solvers - DEBUG - adding 'coin'...
2017-11-12 22:21:55,778 - cobra.solvers - DEBUG - addition failed: No module named cylp.cy
2017-11-12 22:21:56,288 - pip.utils - DEBUG - lzma module is not available
2017-11-12 22:21:56,289 - pip.vcs - DEBUG - Registered VCS backend: git
2017-11-12 22:21:56,294 - pip.vcs - DEBUG - Registered VCS backend: hg
2017-11-12 22:21:56,318 - pip.vcs - DEBUG - Registered VCS backend: svn
2017-11-12 22:21:56,319 - pip.vcs - DEBUG - Registered VCS backend: bzr
2017-11-12 22:22:24,035 - root - INFO - Created main logger
2017-11-12 22:22:24,043 - PyQt4.uic.uiparser - DEBUG - UI version is 4.0
2017-11-12 22:22:24,043 - PyQt4.uic.uiparser - DEBUG - uiname is CobraUI
2017-11-12 22:22:24,044 - PyQt4.uic.uiparser - DEBUG - toplevel widget is QWidget
2017-11-12 22:22:24,044 - PyQt4.uic.properties - DEBUG - setting property geometry
2017-11-12 22:22:24,044 - PyQt4.uic.properties - DEBUG - setting property windowTitle
2017-11-12 22:22:24,045 - PyQt4.uic.uiparser - DEBUG - push QWidget CobraUI
2017-11-12 22:22:24,045 - PyQt4.uic.uiparser - DEBUG - pop widget QWidget CobraUI
2017-11-12 22:22:24,045 - PyQt4.uic.uiparser - DEBUG - new topwidget None
2017-11-12 22:22:24,219 - optlang.util - DEBUG - Gurobi python bindings not available.
2017-11-12 22:22:24,226 - optlang.util - DEBUG - GLPK python bindings found at /usr/local/lib/python2.7/dist-packages/swiglpk
2017-11-12 22:22:24,227 - optlang.util - DEBUG - Mosek python bindings not available.
2017-11-12 22:22:24,227 - optlang.util - DEBUG - CPLEX python bindings not available.
2017-11-12 22:22:24,227 - optlang.util - DEBUG - Scipy linprog function found at /usr/local/lib/python2.7/dist-packages/scipy/optimize/__init__.pyc
2017-11-12 22:22:24,230 - cobra.solvers - DEBUG - adding 'cplex_solver_java'...
2017-11-12 22:22:24,230 - cobra.solvers - DEBUG - addition failed: No module named ilog.concert
2017-11-12 22:22:24,230 - cobra.solvers - DEBUG - adding 'mosek'...
2017-11-12 22:22:24,230 - cobra.solvers - DEBUG - addition failed: No module named mosek
2017-11-12 22:22:24,231 - cobra.solvers - DEBUG - adding 'esolver'...
2017-11-12 22:22:24,361 - cobra.solvers - DEBUG - addition failed: esolver command not found
2017-11-12 22:22:24,361 - cobra.solvers - DEBUG - adding 'cglpk'...
2017-11-12 22:22:24,361 - cobra.solvers - DEBUG - success!
2017-11-12 22:22:24,362 - cobra.solvers - DEBUG - adding 'glpk_solver'...
2017-11-12 22:22:24,362 - cobra.solvers - DEBUG - addition failed: No module named glpk
2017-11-12 22:22:24,362 - cobra.solvers - DEBUG - adding 'cplex_solver'...
2017-11-12 22:22:24,362 - cobra.solvers - DEBUG - addition failed: No module named cplex
2017-11-12 22:22:24,362 - cobra.solvers - DEBUG - adding 'glpk_solver_java'...
2017-11-12 22:22:24,363 - cobra.solvers - DEBUG - addition failed: No module named org.gnu.glpk
2017-11-12 22:22:24,363 - cobra.solvers - DEBUG - adding 'gurobi_solver_java'...
2017-11-12 22:22:24,363 - cobra.solvers - DEBUG - addition failed: No module named gurobi
2017-11-12 22:22:24,363 - cobra.solvers - DEBUG - adding 'gurobi_solver'...
2017-11-12 22:22:24,364 - cobra.solvers - DEBUG - addition failed: No module named gurobipy
2017-11-12 22:22:24,364 - cobra.solvers - DEBUG - adding 'coin'...
2017-11-12 22:22:24,364 - cobra.solvers - DEBUG - addition failed: No module named cylp.cy
2017-11-12 22:22:24,814 - pip.utils - DEBUG - lzma module is not available
2017-11-12 22:22:24,814 - pip.vcs - DEBUG - Registered VCS backend: git
2017-11-12 22:22:24,820 - pip.vcs - DEBUG - Registered VCS backend: hg
2017-11-12 22:22:24,844 - pip.vcs - DEBUG - Registered VCS backend: svn
2017-11-12 22:22:24,844 - pip.vcs - DEBUG - Registered VCS backend: bzr
2017-11-12 22:25:14,819 - root - INFO - Created main logger
2017-11-12 22:25:14,827 - PyQt4.uic.uiparser - DEBUG - UI version is 4.0
2017-11-12 22:25:14,827 - PyQt4.uic.uiparser - DEBUG - uiname is CobraUI
2017-11-12 22:25:14,828 - PyQt4.uic.uiparser - DEBUG - toplevel widget is QWidget
2017-11-12 22:25:14,828 - PyQt4.uic.properties - DEBUG - setting property geometry
2017-11-12 22:25:14,828 - PyQt4.uic.properties - DEBUG - setting property windowTitle
2017-11-12 22:25:14,828 - PyQt4.uic.uiparser - DEBUG - push QWidget CobraUI
2017-11-12 22:25:14,828 - PyQt4.uic.uiparser - DEBUG - pop widget QWidget CobraUI
2017-11-12 22:25:14,828 - PyQt4.uic.uiparser - DEBUG - new topwidget None
2017-11-12 22:25:15,010 - optlang.util - DEBUG - Gurobi python bindings not available.
2017-11-12 22:25:15,017 - optlang.util - DEBUG - GLPK python bindings found at /usr/local/lib/python2.7/dist-packages/swiglpk
2017-11-12 22:25:15,017 - optlang.util - DEBUG - Mosek python bindings not available.
2017-11-12 22:25:15,017 - optlang.util - DEBUG - CPLEX python bindings not available.
2017-11-12 22:25:15,017 - optlang.util - DEBUG - Scipy linprog function found at /usr/local/lib/python2.7/dist-packages/scipy/optimize/__init__.pyc
2017-11-12 22:25:15,020 - cobra.solvers - DEBUG - adding 'cplex_solver_java'...
2017-11-12 22:25:15,021 - cobra.solvers - DEBUG - addition failed: No module named ilog.concert
2017-11-12 22:25:15,021 - cobra.solvers - DEBUG - adding 'mosek'...
2017-11-12 22:25:15,021 - cobra.solvers - DEBUG - addition failed: No module named mosek
2017-11-12 22:25:15,021 - cobra.solvers - DEBUG - adding 'esolver'...
2017-11-12 22:25:15,151 - cobra.solvers - DEBUG - addition failed: esolver command not found
2017-11-12 22:25:15,152 - cobra.solvers - DEBUG - adding 'cglpk'...
2017-11-12 22:25:15,152 - cobra.solvers - DEBUG - success!
2017-11-12 22:25:15,152 - cobra.solvers - DEBUG - adding 'glpk_solver'...
2017-11-12 22:25:15,152 - cobra.solvers - DEBUG - addition failed: No module named glpk
2017-11-12 22:25:15,153 - cobra.solvers - DEBUG - adding 'cplex_solver'...
2017-11-12 22:25:15,153 - cobra.solvers - DEBUG - addition failed: No module named cplex
2017-11-12 22:25:15,153 - cobra.solvers - DEBUG - adding 'glpk_solver_java'...
2017-11-12 22:25:15,153 - cobra.solvers - DEBUG - addition failed: No module named org.gnu.glpk
2017-11-12 22:25:15,153 - cobra.solvers - DEBUG - adding 'gurobi_solver_java'...
2017-11-12 22:25:15,154 - cobra.solvers - DEBUG - addition failed: No module named gurobi
2017-11-12 22:25:15,154 - cobra.solvers - DEBUG - adding 'gurobi_solver'...
2017-11-12 22:25:15,154 - cobra.solvers - DEBUG - addition failed: No module named gurobipy
2017-11-12 22:25:15,154 - cobra.solvers - DEBUG - adding 'coin'...
2017-11-12 22:25:15,154 - cobra.solvers - DEBUG - addition failed: No module named cylp.cy
2017-11-12 22:25:15,606 - pip.utils - DEBUG - lzma module is not available
2017-11-12 22:25:15,607 - pip.vcs - DEBUG - Registered VCS backend: git
2017-11-12 22:25:15,613 - pip.vcs - DEBUG - Registered VCS backend: hg
2017-11-12 22:25:15,638 - pip.vcs - DEBUG - Registered VCS backend: svn
2017-11-12 22:25:15,638 - pip.vcs - DEBUG - Registered VCS backend: bzr
2017-11-12 22:29:14,854 - root - INFO - Created main logger
2017-11-12 22:29:14,859 - PyQt4.uic.uiparser - DEBUG - UI version is 4.0
2017-11-12 22:29:14,859 - PyQt4.uic.uiparser - DEBUG - uiname is CobraUI
2017-11-12 22:29:14,860 - PyQt4.uic.uiparser - DEBUG - toplevel widget is QWidget
2017-11-12 22:29:14,860 - PyQt4.uic.properties - DEBUG - setting property geometry
2017-11-12 22:29:14,860 - PyQt4.uic.properties - DEBUG - setting property windowTitle
2017-11-12 22:29:14,860 - PyQt4.uic.uiparser - DEBUG - push QWidget CobraUI
2017-11-12 22:29:14,860 - PyQt4.uic.uiparser - DEBUG - pop widget QWidget CobraUI
2017-11-12 22:29:14,860 - PyQt4.uic.uiparser - DEBUG - new topwidget None
2017-11-12 22:29:15,042 - optlang.util - DEBUG - Gurobi python bindings not available.
2017-11-12 22:29:15,048 - optlang.util - DEBUG - GLPK python bindings found at /usr/local/lib/python2.7/dist-packages/swiglpk
2017-11-12 22:29:15,049 - optlang.util - DEBUG - Mosek python bindings not available.
2017-11-12 22:29:15,049 - optlang.util - DEBUG - CPLEX python bindings not available.
2017-11-12 22:29:15,049 - optlang.util - DEBUG - Scipy linprog function found at /usr/local/lib/python2.7/dist-packages/scipy/optimize/__init__.pyc
2017-11-12 22:29:15,052 - cobra.solvers - DEBUG - adding 'cplex_solver_java'...
2017-11-12 22:29:15,052 - cobra.solvers - DEBUG - addition failed: No module named ilog.concert
2017-11-12 22:29:15,052 - cobra.solvers - DEBUG - adding 'mosek'...
2017-11-12 22:29:15,053 - cobra.solvers - DEBUG - addition failed: No module named mosek
2017-11-12 22:29:15,053 - cobra.solvers - DEBUG - adding 'esolver'...
2017-11-12 22:29:15,185 - cobra.solvers - DEBUG - addition failed: esolver command not found
2017-11-12 22:29:15,186 - cobra.solvers - DEBUG - adding 'cglpk'...
2017-11-12 22:29:15,186 - cobra.solvers - DEBUG - success!
2017-11-12 22:29:15,186 - cobra.solvers - DEBUG - adding 'glpk_solver'...
2017-11-12 22:29:15,186 - cobra.solvers - DEBUG - addition failed: No module named glpk
2017-11-12 22:29:15,186 - cobra.solvers - DEBUG - adding 'cplex_solver'...
2017-11-12 22:29:15,187 - cobra.solvers - DEBUG - addition failed: No module named cplex
2017-11-12 22:29:15,187 - cobra.solvers - DEBUG - adding 'glpk_solver_java'...
2017-11-12 22:29:15,187 - cobra.solvers - DEBUG - addition failed: No module named org.gnu.glpk
2017-11-12 22:29:15,187 - cobra.solvers - DEBUG - adding 'gurobi_solver_java'...
2017-11-12 22:29:15,187 - cobra.solvers - DEBUG - addition failed: No module named gurobi
2017-11-12 22:29:15,187 - cobra.solvers - DEBUG - adding 'gurobi_solver'...
2017-11-12 22:29:15,188 - cobra.solvers - DEBUG - addition failed: No module named gurobipy
2017-11-12 22:29:15,188 - cobra.solvers - DEBUG - adding 'coin'...
2017-11-12 22:29:15,188 - cobra.solvers - DEBUG - addition failed: No module named cylp.cy
2017-11-12 22:29:15,637 - pip.utils - DEBUG - lzma module is not available
2017-11-12 22:29:15,637 - pip.vcs - DEBUG - Registered VCS backend: git
2017-11-12 22:29:15,644 - pip.vcs - DEBUG - Registered VCS backend: hg
2017-11-12 22:29:15,667 - pip.vcs - DEBUG - Registered VCS backend: svn
2017-11-12 22:29:15,668 - pip.vcs - DEBUG - Registered VCS backend: bzr
2017-11-12 22:29:37,320 - root - INFO - Created main logger
2017-11-12 22:29:37,325 - PyQt4.uic.uiparser - DEBUG - UI version is 4.0
2017-11-12 22:29:37,326 - PyQt4.uic.uiparser - DEBUG - uiname is CobraUI
2017-11-12 22:29:37,326 - PyQt4.uic.uiparser - DEBUG - toplevel widget is QWidget
2017-11-12 22:29:37,326 - PyQt4.uic.properties - DEBUG - setting property geometry
2017-11-12 22:29:37,326 - PyQt4.uic.properties - DEBUG - setting property windowTitle
2017-11-12 22:29:37,326 - PyQt4.uic.uiparser - DEBUG - push QWidget CobraUI
2017-11-12 22:29:37,326 - PyQt4.uic.uiparser - DEBUG - pop widget QWidget CobraUI
2017-11-12 22:29:37,327 - PyQt4.uic.uiparser - DEBUG - new topwidget None
2017-11-12 22:29:37,507 - optlang.util - DEBUG - Gurobi python bindings not available.
2017-11-12 22:29:37,514 - optlang.util - DEBUG - GLPK python bindings found at /usr/local/lib/python2.7/dist-packages/swiglpk
2017-11-12 22:29:37,514 - optlang.util - DEBUG - Mosek python bindings not available.
2017-11-12 22:29:37,515 - optlang.util - DEBUG - CPLEX python bindings not available.
2017-11-12 22:29:37,515 - optlang.util - DEBUG - Scipy linprog function found at /usr/local/lib/python2.7/dist-packages/scipy/optimize/__init__.pyc
2017-11-12 22:29:37,518 - cobra.solvers - DEBUG - adding 'cplex_solver_java'...
2017-11-12 22:29:37,518 - cobra.solvers - DEBUG - addition failed: No module named ilog.concert
2017-11-12 22:29:37,518 - cobra.solvers - DEBUG - adding 'mosek'...
2017-11-12 22:29:37,519 - cobra.solvers - DEBUG - addition failed: No module named mosek
2017-11-12 22:29:37,519 - cobra.solvers - DEBUG - adding 'esolver'...
2017-11-12 22:29:37,648 - cobra.solvers - DEBUG - addition failed: esolver command not found
2017-11-12 22:29:37,649 - cobra.solvers - DEBUG - adding 'cglpk'...
2017-11-12 22:29:37,649 - cobra.solvers - DEBUG - success!
2017-11-12 22:29:37,649 - cobra.solvers - DEBUG - adding 'glpk_solver'...
2017-11-12 22:29:37,649 - cobra.solvers - DEBUG - addition failed: No module named glpk
2017-11-12 22:29:37,649 - cobra.solvers - DEBUG - adding 'cplex_solver'...
2017-11-12 22:29:37,650 - cobra.solvers - DEBUG - addition failed: No module named cplex
2017-11-12 22:29:37,650 - cobra.solvers - DEBUG - adding 'glpk_solver_java'...
2017-11-12 22:29:37,650 - cobra.solvers - DEBUG - addition failed: No module named org.gnu.glpk
2017-11-12 22:29:37,650 - cobra.solvers - DEBUG - adding 'gurobi_solver_java'...
2017-11-12 22:29:37,651 - cobra.solvers - DEBUG - addition failed: No module named gurobi
2017-11-12 22:29:37,651 - cobra.solvers - DEBUG - adding 'gurobi_solver'...
2017-11-12 22:29:37,651 - cobra.solvers - DEBUG - addition failed: No module named gurobipy
2017-11-12 22:29:37,651 - cobra.solvers - DEBUG - adding 'coin'...
2017-11-12 22:29:37,651 - cobra.solvers - DEBUG - addition failed: No module named cylp.cy
2017-11-12 22:29:38,167 - pip.utils - DEBUG - lzma module is not available
2017-11-12 22:29:38,168 - pip.vcs - DEBUG - Registered VCS backend: git
2017-11-12 22:29:38,173 - pip.vcs - DEBUG - Registered VCS backend: hg
2017-11-12 22:29:38,197 - pip.vcs - DEBUG - Registered VCS backend: svn
2017-11-12 22:29:38,198 - pip.vcs - DEBUG - Registered VCS backend: bzr
2017-11-12 22:42:15,628 - root - INFO - Created main logger
2017-11-12 22:42:15,637 - PyQt4.uic.uiparser - DEBUG - UI version is 4.0
2017-11-12 22:42:15,637 - PyQt4.uic.uiparser - DEBUG - uiname is CobraUI
2017-11-12 22:42:15,638 - PyQt4.uic.uiparser - DEBUG - toplevel widget is QWidget
2017-11-12 22:42:15,638 - PyQt4.uic.properties - DEBUG - setting property geometry
2017-11-12 22:42:15,638 - PyQt4.uic.properties - DEBUG - setting property windowTitle
2017-11-12 22:42:15,639 - PyQt4.uic.uiparser - DEBUG - push QWidget CobraUI
2017-11-12 22:42:15,639 - PyQt4.uic.uiparser - DEBUG - pop widget QWidget CobraUI
2017-11-12 22:42:15,639 - PyQt4.uic.uiparser - DEBUG - new topwidget None
2017-11-12 22:42:15,818 - optlang.util - DEBUG - Gurobi python bindings not available.
2017-11-12 22:42:15,825 - optlang.util - DEBUG - GLPK python bindings found at /usr/local/lib/python2.7/dist-packages/swiglpk
2017-11-12 22:42:15,826 - optlang.util - DEBUG - Mosek python bindings not available.
2017-11-12 22:42:15,826 - optlang.util - DEBUG - CPLEX python bindings not available.
2017-11-12 22:42:15,826 - optlang.util - DEBUG - Scipy linprog function found at /usr/local/lib/python2.7/dist-packages/scipy/optimize/__init__.pyc
2017-11-12 22:42:15,829 - cobra.solvers - DEBUG - adding 'cplex_solver_java'...
2017-11-12 22:42:15,829 - cobra.solvers - DEBUG - addition failed: No module named ilog.concert
2017-11-12 22:42:15,829 - cobra.solvers - DEBUG - adding 'mosek'...
2017-11-12 22:42:15,830 - cobra.solvers - DEBUG - addition failed: No module named mosek
2017-11-12 22:42:15,830 - cobra.solvers - DEBUG - adding 'esolver'...
2017-11-12 22:42:15,969 - cobra.solvers - DEBUG - addition failed: esolver command not found
2017-11-12 22:42:15,969 - cobra.solvers - DEBUG - adding 'cglpk'...
2017-11-12 22:42:15,970 - cobra.solvers - DEBUG - success!
2017-11-12 22:42:15,970 - cobra.solvers - DEBUG - adding 'glpk_solver'...
2017-11-12 22:42:15,970 - cobra.solvers - DEBUG - addition failed: No module named glpk
2017-11-12 22:42:15,970 - cobra.solvers - DEBUG - adding 'cplex_solver'...
2017-11-12 22:42:15,970 - cobra.solvers - DEBUG - addition failed: No module named cplex
2017-11-12 22:42:15,971 - cobra.solvers - DEBUG - adding 'glpk_solver_java'...
2017-11-12 22:42:15,971 - cobra.solvers - DEBUG - addition failed: No module named org.gnu.glpk
2017-11-12 22:42:15,971 - cobra.solvers - DEBUG - adding 'gurobi_solver_java'...
2017-11-12 22:42:15,971 - cobra.solvers - DEBUG - addition failed: No module named gurobi
2017-11-12 22:42:15,971 - cobra.solvers - DEBUG - adding 'gurobi_solver'...
2017-11-12 22:42:15,971 - cobra.solvers - DEBUG - addition failed: No module named gurobipy
2017-11-12 22:42:15,972 - cobra.solvers - DEBUG - adding 'coin'...
2017-11-12 22:42:15,972 - cobra.solvers - DEBUG - addition failed: No module named cylp.cy
2017-11-12 22:42:16,475 - pip.utils - DEBUG - lzma module is not available
2017-11-12 22:42:16,476 - pip.vcs - DEBUG - Registered VCS backend: git
2017-11-12 22:42:16,482 - pip.vcs - DEBUG - Registered VCS backend: hg
2017-11-12 22:42:16,506 - pip.vcs - DEBUG - Registered VCS backend: svn
2017-11-12 22:42:16,506 - pip.vcs - DEBUG - Registered VCS backend: bzr
2017-11-12 22:44:50,313 - root - INFO - Created main logger
2017-11-12 22:44:50,321 - PyQt4.uic.uiparser - DEBUG - UI version is 4.0
2017-11-12 22:44:50,321 - PyQt4.uic.uiparser - DEBUG - uiname is CobraUI
2017-11-12 22:44:50,321 - PyQt4.uic.uiparser - DEBUG - toplevel widget is QWidget
2017-11-12 22:44:50,321 - PyQt4.uic.properties - DEBUG - setting property geometry
2017-11-12 22:44:50,322 - PyQt4.uic.properties - DEBUG - setting property windowTitle
2017-11-12 22:44:50,322 - PyQt4.uic.uiparser - DEBUG - push QWidget CobraUI
2017-11-12 22:44:50,322 - PyQt4.uic.uiparser - DEBUG - pop widget QWidget CobraUI
2017-11-12 22:44:50,322 - PyQt4.uic.uiparser - DEBUG - new topwidget None
2017-11-12 22:44:50,503 - optlang.util - DEBUG - Gurobi python bindings not available.
2017-11-12 22:44:50,510 - optlang.util - DEBUG - GLPK python bindings found at /usr/local/lib/python2.7/dist-packages/swiglpk
2017-11-12 22:44:50,511 - optlang.util - DEBUG - Mosek python bindings not available.
2017-11-12 22:44:50,511 - optlang.util - DEBUG - CPLEX python bindings not available.
2017-11-12 22:44:50,511 - optlang.util - DEBUG - Scipy linprog function found at /usr/local/lib/python2.7/dist-packages/scipy/optimize/__init__.pyc
2017-11-12 22:44:50,514 - cobra.solvers - DEBUG - adding 'cplex_solver_java'...
2017-11-12 22:44:50,514 - cobra.solvers - DEBUG - addition failed: No module named ilog.concert
2017-11-12 22:44:50,514 - cobra.solvers - DEBUG - adding 'mosek'...
2017-11-12 22:44:50,515 - cobra.solvers - DEBUG - addition failed: No module named mosek
2017-11-12 22:44:50,515 - cobra.solvers - DEBUG - adding 'esolver'...
2017-11-12 22:44:50,645 - cobra.solvers - DEBUG - addition failed: esolver command not found
2017-11-12 22:44:50,646 - cobra.solvers - DEBUG - adding 'cglpk'...
2017-11-12 22:44:50,646 - cobra.solvers - DEBUG - success!
2017-11-12 22:44:50,646 - cobra.solvers - DEBUG - adding 'glpk_solver'...
2017-11-12 22:44:50,646 - cobra.solvers - DEBUG - addition failed: No module named glpk
2017-11-12 22:44:50,647 - cobra.solvers - DEBUG - adding 'cplex_solver'...
2017-11-12 22:44:50,647 - cobra.solvers - DEBUG - addition failed: No module named cplex
2017-11-12 22:44:50,647 - cobra.solvers - DEBUG - adding 'glpk_solver_java'...
2017-11-12 22:44:50,647 - cobra.solvers - DEBUG - addition failed: No module named org.gnu.glpk
2017-11-12 22:44:50,647 - cobra.solvers - DEBUG - adding 'gurobi_solver_java'...
2017-11-12 22:44:50,648 - cobra.solvers - DEBUG - addition failed: No module named gurobi
2017-11-12 22:44:50,648 - cobra.solvers - DEBUG - adding 'gurobi_solver'...
2017-11-12 22:44:50,648 - cobra.solvers - DEBUG - addition failed: No module named gurobipy
2017-11-12 22:44:50,648 - cobra.solvers - DEBUG - adding 'coin'...
2017-11-12 22:44:50,648 - cobra.solvers - DEBUG - addition failed: No module named cylp.cy
2017-11-12 22:44:51,102 - pip.utils - DEBUG - lzma module is not available
2017-11-12 22:44:51,102 - pip.vcs - DEBUG - Registered VCS backend: git
2017-11-12 22:44:51,108 - pip.vcs - DEBUG - Registered VCS backend: hg
2017-11-12 22:44:51,132 - pip.vcs - DEBUG - Registered VCS backend: svn
2017-11-12 22:44:51,133 - pip.vcs - DEBUG - Registered VCS backend: bzr
2017-11-12 22:45:53,586 - root - INFO - Created main logger
2017-11-12 22:45:53,594 - PyQt4.uic.uiparser - DEBUG - UI version is 4.0
2017-11-12 22:45:53,594 - PyQt4.uic.uiparser - DEBUG - uiname is CobraUI
2017-11-12 22:45:53,594 - PyQt4.uic.uiparser - DEBUG - toplevel widget is QWidget
2017-11-12 22:45:53,594 - PyQt4.uic.properties - DEBUG - setting property geometry
2017-11-12 22:45:53,595 - PyQt4.uic.properties - DEBUG - setting property windowTitle
2017-11-12 22:45:53,595 - PyQt4.uic.uiparser - DEBUG - push QWidget CobraUI
2017-11-12 22:45:53,595 - PyQt4.uic.uiparser - DEBUG - pop widget QWidget CobraUI
2017-11-12 22:45:53,595 - PyQt4.uic.uiparser - DEBUG - new topwidget None
2017-11-12 22:45:53,768 - optlang.util - DEBUG - Gurobi python bindings not available.
2017-11-12 22:45:53,775 - optlang.util - DEBUG - GLPK python bindings found at /usr/local/lib/python2.7/dist-packages/swiglpk
2017-11-12 22:45:53,775 - optlang.util - DEBUG - Mosek python bindings not available.
2017-11-12 22:45:53,775 - optlang.util - DEBUG - CPLEX python bindings not available.
2017-11-12 22:45:53,775 - optlang.util - DEBUG - Scipy linprog function found at /usr/local/lib/python2.7/dist-packages/scipy/optimize/__init__.pyc
2017-11-12 22:45:53,778 - cobra.solvers - DEBUG - adding 'cplex_solver_java'...
2017-11-12 22:45:53,779 - cobra.solvers - DEBUG - addition failed: No module named ilog.concert
2017-11-12 22:45:53,779 - cobra.solvers - DEBUG - adding 'mosek'...
2017-11-12 22:45:53,779 - cobra.solvers - DEBUG - addition failed: No module named mosek
2017-11-12 22:45:53,779 - cobra.solvers - DEBUG - adding 'esolver'...
2017-11-12 22:45:53,908 - cobra.solvers - DEBUG - addition failed: esolver command not found
2017-11-12 22:45:53,908 - cobra.solvers - DEBUG - adding 'cglpk'...
2017-11-12 22:45:53,909 - cobra.solvers - DEBUG - success!
2017-11-12 22:45:53,909 - cobra.solvers - DEBUG - adding 'glpk_solver'...
2017-11-12 22:45:53,909 - cobra.solvers - DEBUG - addition failed: No module named glpk
2017-11-12 22:45:53,909 - cobra.solvers - DEBUG - adding 'cplex_solver'...
2017-11-12 22:45:53,910 - cobra.solvers - DEBUG - addition failed: No module named cplex
2017-11-12 22:45:53,910 - cobra.solvers - DEBUG - adding 'glpk_solver_java'...
2017-11-12 22:45:53,910 - cobra.solvers - DEBUG - addition failed: No module named org.gnu.glpk
2017-11-12 22:45:53,910 - cobra.solvers - DEBUG - adding 'gurobi_solver_java'...
2017-11-12 22:45:53,910 - cobra.solvers - DEBUG - addition failed: No module named gurobi
2017-11-12 22:45:53,910 - cobra.solvers - DEBUG - adding 'gurobi_solver'...
2017-11-12 22:45:53,911 - cobra.solvers - DEBUG - addition failed: No module named gurobipy
2017-11-12 22:45:53,911 - cobra.solvers - DEBUG - adding 'coin'...
2017-11-12 22:45:53,911 - cobra.solvers - DEBUG - addition failed: No module named cylp.cy
2017-11-12 22:45:54,361 - pip.utils - DEBUG - lzma module is not available
2017-11-12 22:45:54,362 - pip.vcs - DEBUG - Registered VCS backend: git
2017-11-12 22:45:54,368 - pip.vcs - DEBUG - Registered VCS backend: hg
2017-11-12 22:45:54,392 - pip.vcs - DEBUG - Registered VCS backend: svn
2017-11-12 22:45:54,392 - pip.vcs - DEBUG - Registered VCS backend: bzr
2017-11-12 22:48:38,486 - root - INFO - Created main logger
2017-11-12 22:48:38,492 - PyQt4.uic.uiparser - DEBUG - UI version is 4.0
2017-11-12 22:48:38,492 - PyQt4.uic.uiparser - DEBUG - uiname is CobraUI
2017-11-12 22:48:38,493 - PyQt4.uic.uiparser - DEBUG - toplevel widget is QWidget
2017-11-12 22:48:38,493 - PyQt4.uic.properties - DEBUG - setting property geometry
2017-11-12 22:48:38,493 - PyQt4.uic.properties - DEBUG - setting property windowTitle
2017-11-12 22:48:38,493 - PyQt4.uic.uiparser - DEBUG - push QWidget CobraUI
2017-11-12 22:48:38,493 - PyQt4.uic.uiparser - DEBUG - pop widget QWidget CobraUI
2017-11-12 22:48:38,494 - PyQt4.uic.uiparser - DEBUG - new topwidget None
2017-11-12 22:48:38,675 - optlang.util - DEBUG - Gurobi python bindings not available.
2017-11-12 22:48:38,682 - optlang.util - DEBUG - GLPK python bindings found at /usr/local/lib/python2.7/dist-packages/swiglpk
2017-11-12 22:48:38,682 - optlang.util - DEBUG - Mosek python bindings not available.
2017-11-12 22:48:38,683 - optlang.util - DEBUG - CPLEX python bindings not available.
2017-11-12 22:48:38,683 - optlang.util - DEBUG - Scipy linprog function found at /usr/local/lib/python2.7/dist-packages/scipy/optimize/__init__.pyc
2017-11-12 22:48:38,686 - cobra.solvers - DEBUG - adding 'cplex_solver_java'...
2017-11-12 22:48:38,686 - cobra.solvers - DEBUG - addition failed: No module named ilog.concert
2017-11-12 22:48:38,686 - cobra.solvers - DEBUG - adding 'mosek'...
2017-11-12 22:48:38,686 - cobra.solvers - DEBUG - addition failed: No module named mosek
2017-11-12 22:48:38,687 - cobra.solvers - DEBUG - adding 'esolver'...
2017-11-12 22:48:38,822 - cobra.solvers - DEBUG - addition failed: esolver command not found
2017-11-12 22:48:38,822 - cobra.solvers - DEBUG - adding 'cglpk'...
2017-11-12 22:48:38,822 - cobra.solvers - DEBUG - success!
2017-11-12 22:48:38,822 - cobra.solvers - DEBUG - adding 'glpk_solver'...
2017-11-12 22:48:38,823 - cobra.solvers - DEBUG - addition failed: No module named glpk
2017-11-12 22:48:38,823 - cobra.solvers - DEBUG - adding 'cplex_solver'...
2017-11-12 22:48:38,823 - cobra.solvers - DEBUG - addition failed: No module named cplex
2017-11-12 22:48:38,823 - cobra.solvers - DEBUG - adding 'glpk_solver_java'...
2017-11-12 22:48:38,824 - cobra.solvers - DEBUG - addition failed: No module named org.gnu.glpk
2017-11-12 22:48:38,824 - cobra.solvers - DEBUG - adding 'gurobi_solver_java'...
2017-11-12 22:48:38,824 - cobra.solvers - DEBUG - addition failed: No module named gurobi
2017-11-12 22:48:38,824 - cobra.solvers - DEBUG - adding 'gurobi_solver'...
2017-11-12 22:48:38,824 - cobra.solvers - DEBUG - addition failed: No module named gurobipy
2017-11-12 22:48:38,825 - cobra.solvers - DEBUG - adding 'coin'...
2017-11-12 22:48:38,825 - cobra.solvers - DEBUG - addition failed: No module named cylp.cy
2017-11-12 22:48:39,284 - pip.utils - DEBUG - lzma module is not available
2017-11-12 22:48:39,285 - pip.vcs - DEBUG - Registered VCS backend: git
2017-11-12 22:48:39,291 - pip.vcs - DEBUG - Registered VCS backend: hg
2017-11-12 22:48:39,316 - pip.vcs - DEBUG - Registered VCS backend: svn
2017-11-12 22:48:39,316 - pip.vcs - DEBUG - Registered VCS backend: bzr
2017-11-12 22:49:17,304 - root - INFO - Created main logger
2017-11-12 22:49:17,310 - PyQt4.uic.uiparser - DEBUG - UI version is 4.0
2017-11-12 22:49:17,310 - PyQt4.uic.uiparser - DEBUG - uiname is CobraUI
2017-11-12 22:49:17,310 - PyQt4.uic.uiparser - DEBUG - toplevel widget is QWidget
2017-11-12 22:49:17,310 - PyQt4.uic.properties - DEBUG - setting property geometry
2017-11-12 22:49:17,310 - PyQt4.uic.properties - DEBUG - setting property windowTitle
2017-11-12 22:49:17,311 - PyQt4.uic.uiparser - DEBUG - push QWidget CobraUI
2017-11-12 22:49:17,311 - PyQt4.uic.uiparser - DEBUG - pop widget QWidget CobraUI
2017-11-12 22:49:17,311 - PyQt4.uic.uiparser - DEBUG - new topwidget None
2017-11-12 22:49:17,488 - optlang.util - DEBUG - Gurobi python bindings not available.
2017-11-12 22:49:17,495 - optlang.util - DEBUG - GLPK python bindings found at /usr/local/lib/python2.7/dist-packages/swiglpk
2017-11-12 22:49:17,495 - optlang.util - DEBUG - Mosek python bindings not available.
2017-11-12 22:49:17,495 - optlang.util - DEBUG - CPLEX python bindings not available.
2017-11-12 22:49:17,495 - optlang.util - DEBUG - Scipy linprog function found at /usr/local/lib/python2.7/dist-packages/scipy/optimize/__init__.pyc
2017-11-12 22:49:17,498 - cobra.solvers - DEBUG - adding 'cplex_solver_java'...
2017-11-12 22:49:17,498 - cobra.solvers - DEBUG - addition failed: No module named ilog.concert
2017-11-12 22:49:17,498 - cobra.solvers - DEBUG - adding 'mosek'...
2017-11-12 22:49:17,499 - cobra.solvers - DEBUG - addition failed: No module named mosek
2017-11-12 22:49:17,499 - cobra.solvers - DEBUG - adding 'esolver'...
2017-11-12 22:49:17,630 - cobra.solvers - DEBUG - addition failed: esolver command not found
2017-11-12 22:49:17,630 - cobra.solvers - DEBUG - adding 'cglpk'...
2017-11-12 22:49:17,630 - cobra.solvers - DEBUG - success!
2017-11-12 22:49:17,630 - cobra.solvers - DEBUG - adding 'glpk_solver'...
2017-11-12 22:49:17,631 - cobra.solvers - DEBUG - addition failed: No module named glpk
2017-11-12 22:49:17,631 - cobra.solvers - DEBUG - adding 'cplex_solver'...
2017-11-12 22:49:17,631 - cobra.solvers - DEBUG - addition failed: No module named cplex
2017-11-12 22:49:17,631 - cobra.solvers - DEBUG - adding 'glpk_solver_java'...
2017-11-12 22:49:17,631 - cobra.solvers - DEBUG - addition failed: No module named org.gnu.glpk
2017-11-12 22:49:17,631 - cobra.solvers - DEBUG - adding 'gurobi_solver_java'...
2017-11-12 22:49:17,632 - cobra.solvers - DEBUG - addition failed: No module named gurobi
2017-11-12 22:49:17,632 - cobra.solvers - DEBUG - adding 'gurobi_solver'...
2017-11-12 22:49:17,632 - cobra.solvers - DEBUG - addition failed: No module named gurobipy
2017-11-12 22:49:17,632 - cobra.solvers - DEBUG - adding 'coin'...
2017-11-12 22:49:17,632 - cobra.solvers - DEBUG - addition failed: No module named cylp.cy
2017-11-12 22:49:18,101 - pip.utils - DEBUG - lzma module is not available
2017-11-12 22:49:18,101 - pip.vcs - DEBUG - Registered VCS backend: git
2017-11-12 22:49:18,108 - pip.vcs - DEBUG - Registered VCS backend: hg
2017-11-12 22:49:18,131 - pip.vcs - DEBUG - Registered VCS backend: svn
2017-11-12 22:49:18,132 - pip.vcs - DEBUG - Registered VCS backend: bzr
2017-11-12 22:52:35,003 - root - INFO - Created main logger
2017-11-12 22:52:35,011 - PyQt4.uic.uiparser - DEBUG - UI version is 4.0
2017-11-12 22:52:35,012 - PyQt4.uic.uiparser - DEBUG - uiname is CobraUI
2017-11-12 22:52:35,012 - PyQt4.uic.uiparser - DEBUG - toplevel widget is QWidget
2017-11-12 22:52:35,012 - PyQt4.uic.properties - DEBUG - setting property geometry
2017-11-12 22:52:35,013 - PyQt4.uic.properties - DEBUG - setting property windowTitle
2017-11-12 22:52:35,013 - PyQt4.uic.uiparser - DEBUG - push QWidget CobraUI
2017-11-12 22:52:35,013 - PyQt4.uic.uiparser - DEBUG - pop widget QWidget CobraUI
2017-11-12 22:52:35,013 - PyQt4.uic.uiparser - DEBUG - new topwidget None
2017-11-12 22:52:35,186 - optlang.util - DEBUG - Gurobi python bindings not available.
2017-11-12 22:52:35,196 - optlang.util - DEBUG - GLPK python bindings found at /usr/local/lib/python2.7/dist-packages/swiglpk
2017-11-12 22:52:35,196 - optlang.util - DEBUG - Mosek python bindings not available.
2017-11-12 22:52:35,196 - optlang.util - DEBUG - CPLEX python bindings not available.
2017-11-12 22:52:35,196 - optlang.util - DEBUG - Scipy linprog function found at /usr/local/lib/python2.7/dist-packages/scipy/optimize/__init__.pyc
2017-11-12 22:52:35,199 - cobra.solvers - DEBUG - adding 'cplex_solver_java'...
2017-11-12 22:52:35,200 - cobra.solvers - DEBUG - addition failed: No module named ilog.concert
2017-11-12 22:52:35,200 - cobra.solvers - DEBUG - adding 'mosek'...
2017-11-12 22:52:35,200 - cobra.solvers - DEBUG - addition failed: No module named mosek
2017-11-12 22:52:35,200 - cobra.solvers - DEBUG - adding 'esolver'...
2017-11-12 22:52:35,334 - cobra.solvers - DEBUG - addition failed: esolver command not found
2017-11-12 22:52:35,334 - cobra.solvers - DEBUG - adding 'cglpk'...
2017-11-12 22:52:35,334 - cobra.solvers - DEBUG - success!
2017-11-12 22:52:35,334 - cobra.solvers - DEBUG - adding 'glpk_solver'...
2017-11-12 22:52:35,335 - cobra.solvers - DEBUG - addition failed: No module named glpk
2017-11-12 22:52:35,335 - cobra.solvers - DEBUG - adding 'cplex_solver'...
2017-11-12 22:52:35,335 - cobra.solvers - DEBUG - addition failed: No module named cplex
2017-11-12 22:52:35,335 - cobra.solvers - DEBUG - adding 'glpk_solver_java'...
2017-11-12 22:52:35,335 - cobra.solvers - DEBUG - addition failed: No module named org.gnu.glpk
2017-11-12 22:52:35,336 - cobra.solvers - DEBUG - adding 'gurobi_solver_java'...
2017-11-12 22:52:35,336 - cobra.solvers - DEBUG - addition failed: No module named gurobi
2017-11-12 22:52:35,336 - cobra.solvers - DEBUG - adding 'gurobi_solver'...
2017-11-12 22:52:35,336 - cobra.solvers - DEBUG - addition failed: No module named gurobipy
2017-11-12 22:52:35,336 - cobra.solvers - DEBUG - adding 'coin'...
2017-11-12 22:52:35,337 - cobra.solvers - DEBUG - addition failed: No module named cylp.cy
2017-11-12 22:52:35,787 - pip.utils - DEBUG - lzma module is not available
2017-11-12 22:52:35,788 - pip.vcs - DEBUG - Registered VCS backend: git
2017-11-12 22:52:35,794 - pip.vcs - DEBUG - Registered VCS backend: hg
2017-11-12 22:52:35,819 - pip.vcs - DEBUG - Registered VCS backend: svn
2017-11-12 22:52:35,819 - pip.vcs - DEBUG - Registered VCS backend: bzr
2017-11-12 22:53:04,969 - root - INFO - Created main logger
2017-11-12 22:53:04,977 - PyQt4.uic.uiparser - DEBUG - UI version is 4.0
2017-11-12 22:53:04,977 - PyQt4.uic.uiparser - DEBUG - uiname is CobraUI
2017-11-12 22:53:04,978 - PyQt4.uic.uiparser - DEBUG - toplevel widget is QWidget
2017-11-12 22:53:04,978 - PyQt4.uic.properties - DEBUG - setting property geometry
2017-11-12 22:53:04,978 - PyQt4.uic.properties - DEBUG - setting property windowTitle
2017-11-12 22:53:04,978 - PyQt4.uic.uiparser - DEBUG - push QWidget CobraUI
2017-11-12 22:53:04,978 - PyQt4.uic.uiparser - DEBUG - pop widget QWidget CobraUI
2017-11-12 22:53:04,978 - PyQt4.uic.uiparser - DEBUG - new topwidget None
2017-11-12 22:53:05,158 - optlang.util - DEBUG - Gurobi python bindings not available.
2017-11-12 22:53:05,165 - optlang.util - DEBUG - GLPK python bindings found at /usr/local/lib/python2.7/dist-packages/swiglpk
2017-11-12 22:53:05,165 - optlang.util - DEBUG - Mosek python bindings not available.
2017-11-12 22:53:05,166 - optlang.util - DEBUG - CPLEX python bindings not available.
2017-11-12 22:53:05,166 - optlang.util - DEBUG - Scipy linprog function found at /usr/local/lib/python2.7/dist-packages/scipy/optimize/__init__.pyc
2017-11-12 22:53:05,169 - cobra.solvers - DEBUG - adding 'cplex_solver_java'...
2017-11-12 22:53:05,169 - cobra.solvers - DEBUG - addition failed: No module named ilog.concert
2017-11-12 22:53:05,169 - cobra.solvers - DEBUG - adding 'mosek'...
2017-11-12 22:53:05,169 - cobra.solvers - DEBUG - addition failed: No module named mosek
2017-11-12 22:53:05,170 - cobra.solvers - DEBUG - adding 'esolver'...
2017-11-12 22:53:05,302 - cobra.solvers - DEBUG - addition failed: esolver command not found
2017-11-12 22:53:05,302 - cobra.solvers - DEBUG - adding 'cglpk'...
2017-11-12 22:53:05,302 - cobra.solvers - DEBUG - success!
2017-11-12 22:53:05,303 - cobra.solvers - DEBUG - adding 'glpk_solver'...
2017-11-12 22:53:05,303 - cobra.solvers - DEBUG - addition failed: No module named glpk
2017-11-12 22:53:05,303 - cobra.solvers - DEBUG - adding 'cplex_solver'...
2017-11-12 22:53:05,303 - cobra.solvers - DEBUG - addition failed: No module named cplex
2017-11-12 22:53:05,303 - cobra.solvers - DEBUG - adding 'glpk_solver_java'...
2017-11-12 22:53:05,304 - cobra.solvers - DEBUG - addition failed: No module named org.gnu.glpk
2017-11-12 22:53:05,304 - cobra.solvers - DEBUG - adding 'gurobi_solver_java'...
2017-11-12 22:53:05,304 - cobra.solvers - DEBUG - addition failed: No module named gurobi
2017-11-12 22:53:05,304 - cobra.solvers - DEBUG - adding 'gurobi_solver'...
2017-11-12 22:53:05,304 - cobra.solvers - DEBUG - addition failed: No module named gurobipy
2017-11-12 22:53:05,304 - cobra.solvers - DEBUG - adding 'coin'...
2017-11-12 22:53:05,305 - cobra.solvers - DEBUG - addition failed: No module named cylp.cy
2017-11-12 22:53:05,751 - pip.utils - DEBUG - lzma module is not available
2017-11-12 22:53:05,751 - pip.vcs - DEBUG - Registered VCS backend: git
2017-11-12 22:53:05,757 - pip.vcs - DEBUG - Registered VCS backend: hg
2017-11-12 22:53:05,781 - pip.vcs - DEBUG - Registered VCS backend: svn
2017-11-12 22:53:05,782 - pip.vcs - DEBUG - Registered VCS backend: bzr
2017-11-12 22:54:21,841 - root - INFO - Created main logger
2017-11-12 22:54:21,847 - PyQt4.uic.uiparser - DEBUG - UI version is 4.0
2017-11-12 22:54:21,847 - PyQt4.uic.uiparser - DEBUG - uiname is CobraUI
2017-11-12 22:54:21,847 - PyQt4.uic.uiparser - DEBUG - toplevel widget is QWidget
2017-11-12 22:54:21,847 - PyQt4.uic.properties - DEBUG - setting property geometry
2017-11-12 22:54:21,847 - PyQt4.uic.properties - DEBUG - setting property windowTitle
2017-11-12 22:54:21,848 - PyQt4.uic.uiparser - DEBUG - push QWidget CobraUI
2017-11-12 22:54:21,848 - PyQt4.uic.uiparser - DEBUG - pop widget QWidget CobraUI
2017-11-12 22:54:21,848 - PyQt4.uic.uiparser - DEBUG - new topwidget None
2017-11-12 22:54:22,031 - optlang.util - DEBUG - Gurobi python bindings not available.
2017-11-12 22:54:22,038 - optlang.util - DEBUG - GLPK python bindings found at /usr/local/lib/python2.7/dist-packages/swiglpk
2017-11-12 22:54:22,039 - optlang.util - DEBUG - Mosek python bindings not available.
2017-11-12 22:54:22,039 - optlang.util - DEBUG - CPLEX python bindings not available.
2017-11-12 22:54:22,039 - optlang.util - DEBUG - Scipy linprog function found at /usr/local/lib/python2.7/dist-packages/scipy/optimize/__init__.pyc
2017-11-12 22:54:22,042 - cobra.solvers - DEBUG - adding 'cplex_solver_java'...
2017-11-12 22:54:22,042 - cobra.solvers - DEBUG - addition failed: No module named ilog.concert
2017-11-12 22:54:22,042 - cobra.solvers - DEBUG - adding 'mosek'...
2017-11-12 22:54:22,043 - cobra.solvers - DEBUG - addition failed: No module named mosek
2017-11-12 22:54:22,043 - cobra.solvers - DEBUG - adding 'esolver'...
2017-11-12 22:54:22,175 - cobra.solvers - DEBUG - addition failed: esolver command not found
2017-11-12 22:54:22,175 - cobra.solvers - DEBUG - adding 'cglpk'...
2017-11-12 22:54:22,176 - cobra.solvers - DEBUG - success!
2017-11-12 22:54:22,176 - cobra.solvers - DEBUG - adding 'glpk_solver'...
2017-11-12 22:54:22,176 - cobra.solvers - DEBUG - addition failed: No module named glpk
2017-11-12 22:54:22,176 - cobra.solvers - DEBUG - adding 'cplex_solver'...
2017-11-12 22:54:22,177 - cobra.solvers - DEBUG - addition failed: No module named cplex
2017-11-12 22:54:22,177 - cobra.solvers - DEBUG - adding 'glpk_solver_java'...
2017-11-12 22:54:22,177 - cobra.solvers - DEBUG - addition failed: No module named org.gnu.glpk
2017-11-12 22:54:22,177 - cobra.solvers - DEBUG - adding 'gurobi_solver_java'...
2017-11-12 22:54:22,177 - cobra.solvers - DEBUG - addition failed: No module named gurobi
2017-11-12 22:54:22,177 - cobra.solvers - DEBUG - adding 'gurobi_solver'...
2017-11-12 22:54:22,178 - cobra.solvers - DEBUG - addition failed: No module named gurobipy
2017-11-12 22:54:22,178 - cobra.solvers - DEBUG - adding 'coin'...
2017-11-12 22:54:22,178 - cobra.solvers - DEBUG - addition failed: No module named cylp.cy
2017-11-12 22:54:22,625 - pip.utils - DEBUG - lzma module is not available
2017-11-12 22:54:22,626 - pip.vcs - DEBUG - Registered VCS backend: git
2017-11-12 22:54:22,632 - pip.vcs - DEBUG - Registered VCS backend: hg
2017-11-12 22:54:22,657 - pip.vcs - DEBUG - Registered VCS backend: svn
2017-11-12 22:54:22,657 - pip.vcs - DEBUG - Registered VCS backend: bzr
2017-11-12 22:56:38,393 - root - INFO - Created main logger
2017-11-12 22:56:38,399 - PyQt4.uic.uiparser - DEBUG - UI version is 4.0
2017-11-12 22:56:38,399 - PyQt4.uic.uiparser - DEBUG - uiname is CobraUI
2017-11-12 22:56:38,399 - PyQt4.uic.uiparser - DEBUG - toplevel widget is QWidget
2017-11-12 22:56:38,399 - PyQt4.uic.properties - DEBUG - setting property geometry
2017-11-12 22:56:38,400 - PyQt4.uic.properties - DEBUG - setting property windowTitle
2017-11-12 22:56:38,400 - PyQt4.uic.uiparser - DEBUG - push QWidget CobraUI
2017-11-12 22:56:38,400 - PyQt4.uic.uiparser - DEBUG - pop widget QWidget CobraUI
2017-11-12 22:56:38,400 - PyQt4.uic.uiparser - DEBUG - new topwidget None
2017-11-12 22:56:38,580 - optlang.util - DEBUG - Gurobi python bindings not available.
2017-11-12 22:56:38,587 - optlang.util - DEBUG - GLPK python bindings found at /usr/local/lib/python2.7/dist-packages/swiglpk
2017-11-12 22:56:38,587 - optlang.util - DEBUG - Mosek python bindings not available.
2017-11-12 22:56:38,587 - optlang.util - DEBUG - CPLEX python bindings not available.
2017-11-12 22:56:38,587 - optlang.util - DEBUG - Scipy linprog function found at /usr/local/lib/python2.7/dist-packages/scipy/optimize/__init__.pyc
2017-11-12 22:56:38,590 - cobra.solvers - DEBUG - adding 'cplex_solver_java'...
2017-11-12 22:56:38,590 - cobra.solvers - DEBUG - addition failed: No module named ilog.concert
2017-11-12 22:56:38,591 - cobra.solvers - DEBUG - adding 'mosek'...
2017-11-12 22:56:38,591 - cobra.solvers - DEBUG - addition failed: No module named mosek
2017-11-12 22:56:38,591 - cobra.solvers - DEBUG - adding 'esolver'...
2017-11-12 22:56:38,722 - cobra.solvers - DEBUG - addition failed: esolver command not found
2017-11-12 22:56:38,723 - cobra.solvers - DEBUG - adding 'cglpk'...
2017-11-12 22:56:38,723 - cobra.solvers - DEBUG - success!
2017-11-12 22:56:38,723 - cobra.solvers - DEBUG - adding 'glpk_solver'...
2017-11-12 22:56:38,723 - cobra.solvers - DEBUG - addition failed: No module named glpk
2017-11-12 22:56:38,724 - cobra.solvers - DEBUG - adding 'cplex_solver'...
2017-11-12 22:56:38,724 - cobra.solvers - DEBUG - addition failed: No module named cplex
2017-11-12 22:56:38,724 - cobra.solvers - DEBUG - adding 'glpk_solver_java'...
2017-11-12 22:56:38,724 - cobra.solvers - DEBUG - addition failed: No module named org.gnu.glpk
2017-11-12 22:56:38,724 - cobra.solvers - DEBUG - adding 'gurobi_solver_java'...
2017-11-12 22:56:38,725 - cobra.solvers - DEBUG - addition failed: No module named gurobi
2017-11-12 22:56:38,725 - cobra.solvers - DEBUG - adding 'gurobi_solver'...
2017-11-12 22:56:38,725 - cobra.solvers - DEBUG - addition failed: No module named gurobipy
2017-11-12 22:56:38,725 - cobra.solvers - DEBUG - adding 'coin'...
2017-11-12 22:56:38,725 - cobra.solvers - DEBUG - addition failed: No module named cylp.cy
2017-11-12 22:56:39,190 - pip.utils - DEBUG - lzma module is not available
2017-11-12 22:56:39,191 - pip.vcs - DEBUG - Registered VCS backend: git
2017-11-12 22:56:39,197 - pip.vcs - DEBUG - Registered VCS backend: hg
2017-11-12 22:56:39,221 - pip.vcs - DEBUG - Registered VCS backend: svn
2017-11-12 22:56:39,222 - pip.vcs - DEBUG - Registered VCS backend: bzr
2017-11-12 22:58:19,554 - root - INFO - Created main logger
2017-11-12 22:58:19,561 - PyQt4.uic.uiparser - DEBUG - UI version is 4.0
2017-11-12 22:58:19,562 - PyQt4.uic.uiparser - DEBUG - uiname is CobraUI
2017-11-12 22:58:19,562 - PyQt4.uic.uiparser - DEBUG - toplevel widget is QWidget
2017-11-12 22:58:19,562 - PyQt4.uic.properties - DEBUG - setting property geometry
2017-11-12 22:58:19,562 - PyQt4.uic.properties - DEBUG - setting property windowTitle
2017-11-12 22:58:19,563 - PyQt4.uic.uiparser - DEBUG - push QWidget CobraUI
2017-11-12 22:58:19,563 - PyQt4.uic.uiparser - DEBUG - pop widget QWidget CobraUI
2017-11-12 22:58:19,563 - PyQt4.uic.uiparser - DEBUG - new topwidget None
2017-11-12 22:58:19,746 - optlang.util - DEBUG - Gurobi python bindings not available.
2017-11-12 22:58:19,752 - optlang.util - DEBUG - GLPK python bindings found at /usr/local/lib/python2.7/dist-packages/swiglpk
2017-11-12 22:58:19,753 - optlang.util - DEBUG - Mosek python bindings not available.
2017-11-12 22:58:19,753 - optlang.util - DEBUG - CPLEX python bindings not available.
2017-11-12 22:58:19,753 - optlang.util - DEBUG - Scipy linprog function found at /usr/local/lib/python2.7/dist-packages/scipy/optimize/__init__.pyc
2017-11-12 22:58:19,756 - cobra.solvers - DEBUG - adding 'cplex_solver_java'...
2017-11-12 22:58:19,756 - cobra.solvers - DEBUG - addition failed: No module named ilog.concert
2017-11-12 22:58:19,756 - cobra.solvers - DEBUG - adding 'mosek'...
2017-11-12 22:58:19,757 - cobra.solvers - DEBUG - addition failed: No module named mosek
2017-11-12 22:58:19,757 - cobra.solvers - DEBUG - adding 'esolver'...
2017-11-12 22:58:19,888 - cobra.solvers - DEBUG - addition failed: esolver command not found
2017-11-12 22:58:19,888 - cobra.solvers - DEBUG - adding 'cglpk'...
2017-11-12 22:58:19,888 - cobra.solvers - DEBUG - success!
2017-11-12 22:58:19,888 - cobra.solvers - DEBUG - adding 'glpk_solver'...
2017-11-12 22:58:19,889 - cobra.solvers - DEBUG - addition failed: No module named glpk
2017-11-12 22:58:19,889 - cobra.solvers - DEBUG - adding 'cplex_solver'...
2017-11-12 22:58:19,889 - cobra.solvers - DEBUG - addition failed: No module named cplex
2017-11-12 22:58:19,889 - cobra.solvers - DEBUG - adding 'glpk_solver_java'...
2017-11-12 22:58:19,890 - cobra.solvers - DEBUG - addition failed: No module named org.gnu.glpk
2017-11-12 22:58:19,890 - cobra.solvers - DEBUG - adding 'gurobi_solver_java'...
2017-11-12 22:58:19,890 - cobra.solvers - DEBUG - addition failed: No module named gurobi
2017-11-12 22:58:19,890 - cobra.solvers - DEBUG - adding 'gurobi_solver'...
2017-11-12 22:58:19,890 - cobra.solvers - DEBUG - addition failed: No module named gurobipy
2017-11-12 22:58:19,890 - cobra.solvers - DEBUG - adding 'coin'...
2017-11-12 22:58:19,891 - cobra.solvers - DEBUG - addition failed: No module named cylp.cy
2017-11-12 22:58:20,339 - pip.utils - DEBUG - lzma module is not available
2017-11-12 22:58:20,340 - pip.vcs - DEBUG - Registered VCS backend: git
2017-11-12 22:58:20,346 - pip.vcs - DEBUG - Registered VCS backend: hg
2017-11-12 22:58:20,369 - pip.vcs - DEBUG - Registered VCS backend: svn
2017-11-12 22:58:20,370 - pip.vcs - DEBUG - Registered VCS backend: bzr
2017-11-12 23:01:08,076 - root - INFO - Created main logger
2017-11-12 23:01:08,081 - PyQt4.uic.uiparser - DEBUG - UI version is 4.0
2017-11-12 23:01:08,081 - PyQt4.uic.uiparser - DEBUG - uiname is CobraUI
2017-11-12 23:01:08,082 - PyQt4.uic.uiparser - DEBUG - toplevel widget is QWidget
2017-11-12 23:01:08,082 - PyQt4.uic.properties - DEBUG - setting property geometry
2017-11-12 23:01:08,082 - PyQt4.uic.properties - DEBUG - setting property windowTitle
2017-11-12 23:01:08,082 - PyQt4.uic.uiparser - DEBUG - push QWidget CobraUI
2017-11-12 23:01:08,082 - PyQt4.uic.uiparser - DEBUG - pop widget QWidget CobraUI
2017-11-12 23:01:08,082 - PyQt4.uic.uiparser - DEBUG - new topwidget None
2017-11-12 23:01:08,264 - optlang.util - DEBUG - Gurobi python bindings not available.
2017-11-12 23:01:08,271 - optlang.util - DEBUG - GLPK python bindings found at /usr/local/lib/python2.7/dist-packages/swiglpk
2017-11-12 23:01:08,272 - optlang.util - DEBUG - Mosek python bindings not available.
2017-11-12 23:01:08,272 - optlang.util - DEBUG - CPLEX python bindings not available.
2017-11-12 23:01:08,272 - optlang.util - DEBUG - Scipy linprog function found at /usr/local/lib/python2.7/dist-packages/scipy/optimize/__init__.pyc
2017-11-12 23:01:08,275 - cobra.solvers - DEBUG - adding 'cplex_solver_java'...
2017-11-12 23:01:08,275 - cobra.solvers - DEBUG - addition failed: No module named ilog.concert
2017-11-12 23:01:08,275 - cobra.solvers - DEBUG - adding 'mosek'...
2017-11-12 23:01:08,276 - cobra.solvers - DEBUG - addition failed: No module named mosek
2017-11-12 23:01:08,276 - cobra.solvers - DEBUG - adding 'esolver'...
2017-11-12 23:01:08,410 - cobra.solvers - DEBUG - addition failed: esolver command not found
2017-11-12 23:01:08,411 - cobra.solvers - DEBUG - adding 'cglpk'...
2017-11-12 23:01:08,411 - cobra.solvers - DEBUG - success!
2017-11-12 23:01:08,411 - cobra.solvers - DEBUG - adding 'glpk_solver'...
2017-11-12 23:01:08,411 - cobra.solvers - DEBUG - addition failed: No module named glpk
2017-11-12 23:01:08,411 - cobra.solvers - DEBUG - adding 'cplex_solver'...
2017-11-12 23:01:08,412 - cobra.solvers - DEBUG - addition failed: No module named cplex
2017-11-12 23:01:08,412 - cobra.solvers - DEBUG - adding 'glpk_solver_java'...
2017-11-12 23:01:08,412 - cobra.solvers - DEBUG - addition failed: No module named org.gnu.glpk
2017-11-12 23:01:08,412 - cobra.solvers - DEBUG - adding 'gurobi_solver_java'...
2017-11-12 23:01:08,412 - cobra.solvers - DEBUG - addition failed: No module named gurobi
2017-11-12 23:01:08,413 - cobra.solvers - DEBUG - adding 'gurobi_solver'...
2017-11-12 23:01:08,413 - cobra.solvers - DEBUG - addition failed: No module named gurobipy
2017-11-12 23:01:08,413 - cobra.solvers - DEBUG - adding 'coin'...
2017-11-12 23:01:08,413 - cobra.solvers - DEBUG - addition failed: No module named cylp.cy
2017-11-12 23:01:08,892 - pip.utils - DEBUG - lzma module is not available
2017-11-12 23:01:08,893 - pip.vcs - DEBUG - Registered VCS backend: git
2017-11-12 23:01:08,899 - pip.vcs - DEBUG - Registered VCS backend: hg
2017-11-12 23:01:08,924 - pip.vcs - DEBUG - Registered VCS backend: svn
2017-11-12 23:01:08,924 - pip.vcs - DEBUG - Registered VCS backend: bzr
2017-11-12 23:01:26,135 - root - INFO - Created main logger
2017-11-12 23:01:26,140 - PyQt4.uic.uiparser - DEBUG - UI version is 4.0
2017-11-12 23:01:26,140 - PyQt4.uic.uiparser - DEBUG - uiname is CobraUI
2017-11-12 23:01:26,141 - PyQt4.uic.uiparser - DEBUG - toplevel widget is QWidget
2017-11-12 23:01:26,141 - PyQt4.uic.properties - DEBUG - setting property geometry
2017-11-12 23:01:26,141 - PyQt4.uic.properties - DEBUG - setting property windowTitle
2017-11-12 23:01:26,141 - PyQt4.uic.uiparser - DEBUG - push QWidget CobraUI
2017-11-12 23:01:26,141 - PyQt4.uic.uiparser - DEBUG - pop widget QWidget CobraUI
2017-11-12 23:01:26,141 - PyQt4.uic.uiparser - DEBUG - new topwidget None
2017-11-12 23:01:26,322 - optlang.util - DEBUG - Gurobi python bindings not available.
2017-11-12 23:01:26,329 - optlang.util - DEBUG - GLPK python bindings found at /usr/local/lib/python2.7/dist-packages/swiglpk
2017-11-12 23:01:26,329 - optlang.util - DEBUG - Mosek python bindings not available.
2017-11-12 23:01:26,330 - optlang.util - DEBUG - CPLEX python bindings not available.
2017-11-12 23:01:26,330 - optlang.util - DEBUG - Scipy linprog function found at /usr/local/lib/python2.7/dist-packages/scipy/optimize/__init__.pyc
2017-11-12 23:01:26,333 - cobra.solvers - DEBUG - adding 'cplex_solver_java'...
2017-11-12 23:01:26,333 - cobra.solvers - DEBUG - addition failed: No module named ilog.concert
2017-11-12 23:01:26,333 - cobra.solvers - DEBUG - adding 'mosek'...
2017-11-12 23:01:26,334 - cobra.solvers - DEBUG - addition failed: No module named mosek
2017-11-12 23:01:26,334 - cobra.solvers - DEBUG - adding 'esolver'...
2017-11-12 23:01:26,464 - cobra.solvers - DEBUG - addition failed: esolver command not found
2017-11-12 23:01:26,465 - cobra.solvers - DEBUG - adding 'cglpk'...
2017-11-12 23:01:26,465 - cobra.solvers - DEBUG - success!
2017-11-12 23:01:26,465 - cobra.solvers - DEBUG - adding 'glpk_solver'...
2017-11-12 23:01:26,465 - cobra.solvers - DEBUG - addition failed: No module named glpk
2017-11-12 23:01:26,465 - cobra.solvers - DEBUG - adding 'cplex_solver'...
2017-11-12 23:01:26,466 - cobra.solvers - DEBUG - addition failed: No module named cplex
2017-11-12 23:01:26,466 - cobra.solvers - DEBUG - adding 'glpk_solver_java'...
2017-11-12 23:01:26,466 - cobra.solvers - DEBUG - addition failed: No module named org.gnu.glpk
2017-11-12 23:01:26,466 - cobra.solvers - DEBUG - adding 'gurobi_solver_java'...
2017-11-12 23:01:26,466 - cobra.solvers - DEBUG - addition failed: No module named gurobi
2017-11-12 23:01:26,467 - cobra.solvers - DEBUG - adding 'gurobi_solver'...
2017-11-12 23:01:26,467 - cobra.solvers - DEBUG - addition failed: No module named gurobipy
2017-11-12 23:01:26,467 - cobra.solvers - DEBUG - adding 'coin'...
2017-11-12 23:01:26,467 - cobra.solvers - DEBUG - addition failed: No module named cylp.cy
2017-11-12 23:01:26,913 - pip.utils - DEBUG - lzma module is not available
2017-11-12 23:01:26,913 - pip.vcs - DEBUG - Registered VCS backend: git
2017-11-12 23:01:26,919 - pip.vcs - DEBUG - Registered VCS backend: hg
2017-11-12 23:01:26,944 - pip.vcs - DEBUG - Registered VCS backend: svn
2017-11-12 23:01:26,944 - pip.vcs - DEBUG - Registered VCS backend: bzr
2017-11-12 23:03:39,185 - root - INFO - Created main logger
2017-11-12 23:03:39,190 - PyQt4.uic.uiparser - DEBUG - UI version is 4.0
2017-11-12 23:03:39,191 - PyQt4.uic.uiparser - DEBUG - uiname is CobraUI
2017-11-12 23:03:39,191 - PyQt4.uic.uiparser - DEBUG - toplevel widget is QWidget
2017-11-12 23:03:39,191 - PyQt4.uic.properties - DEBUG - setting property geometry
2017-11-12 23:03:39,191 - PyQt4.uic.properties - DEBUG - setting property windowTitle
2017-11-12 23:03:39,191 - PyQt4.uic.uiparser - DEBUG - push QWidget CobraUI
2017-11-12 23:03:39,191 - PyQt4.uic.uiparser - DEBUG - pop widget QWidget CobraUI
2017-11-12 23:03:39,192 - PyQt4.uic.uiparser - DEBUG - new topwidget None
2017-11-12 23:03:39,376 - optlang.util - DEBUG - Gurobi python bindings not available.
2017-11-12 23:03:39,383 - optlang.util - DEBUG - GLPK python bindings found at /usr/local/lib/python2.7/dist-packages/swiglpk
2017-11-12 23:03:39,383 - optlang.util - DEBUG - Mosek python bindings not available.
2017-11-12 23:03:39,383 - optlang.util - DEBUG - CPLEX python bindings not available.
2017-11-12 23:03:39,383 - optlang.util - DEBUG - Scipy linprog function found at /usr/local/lib/python2.7/dist-packages/scipy/optimize/__init__.pyc
2017-11-12 23:03:39,386 - cobra.solvers - DEBUG - adding 'cplex_solver_java'...
2017-11-12 23:03:39,387 - cobra.solvers - DEBUG - addition failed: No module named ilog.concert
2017-11-12 23:03:39,387 - cobra.solvers - DEBUG - adding 'mosek'...
2017-11-12 23:03:39,387 - cobra.solvers - DEBUG - addition failed: No module named mosek
2017-11-12 23:03:39,387 - cobra.solvers - DEBUG - adding 'esolver'...
2017-11-12 23:03:39,519 - cobra.solvers - DEBUG - addition failed: esolver command not found
2017-11-12 23:03:39,519 - cobra.solvers - DEBUG - adding 'cglpk'...
2017-11-12 23:03:39,520 - cobra.solvers - DEBUG - success!
2017-11-12 23:03:39,520 - cobra.solvers - DEBUG - adding 'glpk_solver'...
2017-11-12 23:03:39,520 - cobra.solvers - DEBUG - addition failed: No module named glpk
2017-11-12 23:03:39,520 - cobra.solvers - DEBUG - adding 'cplex_solver'...
2017-11-12 23:03:39,520 - cobra.solvers - DEBUG - addition failed: No module named cplex
2017-11-12 23:03:39,521 - cobra.solvers - DEBUG - adding 'glpk_solver_java'...
2017-11-12 23:03:39,521 - cobra.solvers - DEBUG - addition failed: No module named org.gnu.glpk
2017-11-12 23:03:39,521 - cobra.solvers - DEBUG - adding 'gurobi_solver_java'...
2017-11-12 23:03:39,521 - cobra.solvers - DEBUG - addition failed: No module named gurobi
2017-11-12 23:03:39,521 - cobra.solvers - DEBUG - adding 'gurobi_solver'...
2017-11-12 23:03:39,522 - cobra.solvers - DEBUG - addition failed: No module named gurobipy
2017-11-12 23:03:39,522 - cobra.solvers - DEBUG - adding 'coin'...
2017-11-12 23:03:39,522 - cobra.solvers - DEBUG - addition failed: No module named cylp.cy
2017-11-12 23:03:39,970 - pip.utils - DEBUG - lzma module is not available
2017-11-12 23:03:39,971 - pip.vcs - DEBUG - Registered VCS backend: git
2017-11-12 23:03:39,976 - pip.vcs - DEBUG - Registered VCS backend: hg
2017-11-12 23:03:40,000 - pip.vcs - DEBUG - Registered VCS backend: svn
2017-11-12 23:03:40,001 - pip.vcs - DEBUG - Registered VCS backend: bzr
